This is pdfTeX, Version 3.14159265-2.6-1.40.18 (TeX Live 2017/Debian) (preloaded format=pdflatex 2017.8.16)  18 SEP 2017 14:51
entering extended mode
 restricted \write18 enabled.
 %&-line parsing enabled.
**ieee.tex
(./ieee.tex
LaTeX2e <2017-04-15>
Babel <3.12> and hyphenation patterns for 3 language(s) loaded.
(./IEEEtran/IEEEtran.cls

LaTeX Warning: You have requested document class `./IEEEtran/IEEEtran',
               but the document class provides `IEEEtran'.

Document Class: IEEEtran 2015/08/26 V1.8b by Michael Shell
-- See the "IEEEtran_HOWTO" manual for usage information.
-- http://www.michaelshell.org/tex/ieeetran/
\@IEEEtrantmpdimenA=\dimen102
\@IEEEtrantmpdimenB=\dimen103
\@IEEEtrantmpdimenC=\dimen104
\@IEEEtrantmpcountA=\count79
\@IEEEtrantmpcountB=\count80
\@IEEEtrantmpcountC=\count81
\@IEEEtrantmptoksA=\toks14
LaTeX Font Info:    Try loading font information for OT1+ptm on input line 503.

(/usr/share/texlive/texmf-dist/tex/latex/psnfss/ot1ptm.fd
File: ot1ptm.fd 2001/06/04 font definitions for OT1/ptm.
)
-- Using 8.5in x 11in (letter) paper.
-- Using PDF output.
\@IEEEnormalsizeunitybaselineskip=\dimen105
-- This is a 10 point document.
\CLASSINFOnormalsizebaselineskip=\dimen106
\CLASSINFOnormalsizeunitybaselineskip=\dimen107
\IEEEnormaljot=\dimen108
LaTeX Font Info:    Font shape `OT1/ptm/bx/n' in size <5> not available
(Font)              Font shape `OT1/ptm/b/n' tried instead on input line 1090.
LaTeX Font Info:    Font shape `OT1/ptm/bx/it' in size <5> not available
(Font)              Font shape `OT1/ptm/b/it' tried instead on input line 1090.

LaTeX Font Info:    Font shape `OT1/ptm/bx/n' in size <7> not available
(Font)              Font shape `OT1/ptm/b/n' tried instead on input line 1090.
LaTeX Font Info:    Font shape `OT1/ptm/bx/it' in size <7> not available
(Font)              Font shape `OT1/ptm/b/it' tried instead on input line 1090.

LaTeX Font Info:    Font shape `OT1/ptm/bx/n' in size <8> not available
(Font)              Font shape `OT1/ptm/b/n' tried instead on input line 1090.
LaTeX Font Info:    Font shape `OT1/ptm/bx/it' in size <8> not available
(Font)              Font shape `OT1/ptm/b/it' tried instead on input line 1090.

LaTeX Font Info:    Font shape `OT1/ptm/bx/n' in size <9> not available
(Font)              Font shape `OT1/ptm/b/n' tried instead on input line 1090.
LaTeX Font Info:    Font shape `OT1/ptm/bx/it' in size <9> not available
(Font)              Font shape `OT1/ptm/b/it' tried instead on input line 1090.

LaTeX Font Info:    Font shape `OT1/ptm/bx/n' in size <10> not available
(Font)              Font shape `OT1/ptm/b/n' tried instead on input line 1090.
LaTeX Font Info:    Font shape `OT1/ptm/bx/it' in size <10> not available
(Font)              Font shape `OT1/ptm/b/it' tried instead on input line 1090.

LaTeX Font Info:    Font shape `OT1/ptm/bx/n' in size <11> not available
(Font)              Font shape `OT1/ptm/b/n' tried instead on input line 1090.
LaTeX Font Info:    Font shape `OT1/ptm/bx/it' in size <11> not available
(Font)              Font shape `OT1/ptm/b/it' tried instead on input line 1090.

LaTeX Font Info:    Font shape `OT1/ptm/bx/n' in size <12> not available
(Font)              Font shape `OT1/ptm/b/n' tried instead on input line 1090.
LaTeX Font Info:    Font shape `OT1/ptm/bx/it' in size <12> not available
(Font)              Font shape `OT1/ptm/b/it' tried instead on input line 1090.

LaTeX Font Info:    Font shape `OT1/ptm/bx/n' in size <17> not available
(Font)              Font shape `OT1/ptm/b/n' tried instead on input line 1090.
LaTeX Font Info:    Font shape `OT1/ptm/bx/it' in size <17> not available
(Font)              Font shape `OT1/ptm/b/it' tried instead on input line 1090.

LaTeX Font Info:    Font shape `OT1/ptm/bx/n' in size <20> not available
(Font)              Font shape `OT1/ptm/b/n' tried instead on input line 1090.
LaTeX Font Info:    Font shape `OT1/ptm/bx/it' in size <20> not available
(Font)              Font shape `OT1/ptm/b/it' tried instead on input line 1090.

LaTeX Font Info:    Font shape `OT1/ptm/bx/n' in size <24> not available
(Font)              Font shape `OT1/ptm/b/n' tried instead on input line 1090.
LaTeX Font Info:    Font shape `OT1/ptm/bx/it' in size <24> not available
(Font)              Font shape `OT1/ptm/b/it' tried instead on input line 1090.

\IEEEquantizedlength=\dimen109
\IEEEquantizedlengthdiff=\dimen110
\IEEEquantizedtextheightdiff=\dimen111
\IEEEilabelindentA=\dimen112
\IEEEilabelindentB=\dimen113
\IEEEilabelindent=\dimen114
\IEEEelabelindent=\dimen115
\IEEEdlabelindent=\dimen116
\IEEElabelindent=\dimen117
\IEEEiednormlabelsep=\dimen118
\IEEEiedmathlabelsep=\dimen119
\IEEEiedtopsep=\skip41
\c@section=\count82
\c@subsection=\count83
\c@subsubsection=\count84
\c@paragraph=\count85
\c@IEEEsubequation=\count86
\abovecaptionskip=\skip42
\belowcaptionskip=\skip43
\c@figure=\count87
\c@table=\count88
\@IEEEeqnnumcols=\count89
\@IEEEeqncolcnt=\count90
\@IEEEsubeqnnumrollback=\count91
\@IEEEquantizeheightA=\dimen120
\@IEEEquantizeheightB=\dimen121
\@IEEEquantizeheightC=\dimen122
\@IEEEquantizeprevdepth=\dimen123
\@IEEEquantizemultiple=\count92
\@IEEEquantizeboxA=\box26
\@IEEEtmpitemindent=\dimen124
\IEEEPARstartletwidth=\dimen125
\c@IEEEbiography=\count93
\@IEEEtranrubishbin=\box27
) (/usr/share/texlive/texmf-dist/tex/latex/graphics/color.sty
Package: color 2016/07/10 v1.1e Standard LaTeX Color (DPC)

(/usr/share/texlive/texmf-dist/tex/latex/graphics-cfg/color.cfg
File: color.cfg 2016/01/02 v1.6 sample color configuration
)
Package color Info: Driver file: pdftex.def on input line 147.

(/usr/share/texlive/texmf-dist/tex/latex/graphics-def/pdftex.def
File: pdftex.def 2017/06/24 v1.0g Graphics/color driver for pdftex
))
(/usr/share/texlive/texmf-dist/tex/latex/listings/listings.sty
(/usr/share/texlive/texmf-dist/tex/latex/graphics/keyval.sty
Package: keyval 2014/10/28 v1.15 key=value parser (DPC)
\KV@toks@=\toks15
)
\lst@mode=\count94
\lst@gtempboxa=\box28
\lst@token=\toks16
\lst@length=\count95
\lst@currlwidth=\dimen126
\lst@column=\count96
\lst@pos=\count97
\lst@lostspace=\dimen127
\lst@width=\dimen128
\lst@newlines=\count98
\lst@lineno=\count99
\lst@maxwidth=\dimen129

(/usr/share/texlive/texmf-dist/tex/latex/listings/lstmisc.sty
File: lstmisc.sty 2015/06/04 1.6 (Carsten Heinz)
\c@lstnumber=\count100
\lst@skipnumbers=\count101
\lst@framebox=\box29
)
(/usr/share/texlive/texmf-dist/tex/latex/listings/listings.cfg
File: listings.cfg 2015/06/04 1.6 listings configuration
))
Package: listings 2015/06/04 1.6 (Carsten Heinz)

(/usr/share/texlive/texmf-dist/tex/latex/makecell/makecell.sty
Package: makecell 2009/08/03 V0.1e Managing of Tab Column Heads and Cells

(/usr/share/texlive/texmf-dist/tex/latex/tools/array.sty
Package: array 2016/10/06 v2.4d Tabular extension package (FMi)
\col@sep=\dimen130
\extrarowheight=\dimen131
\NC@list=\toks17
\extratabsurround=\skip44
\backup@length=\skip45
)
\rotheadsize=\dimen132
\c@nlinenum=\count102
\TeXr@lab=\toks18
)
(/usr/share/texlive/texmf-dist/tex/latex/enumitem/enumitem.sty
Package: enumitem 2011/09/28 v3.5.2 Customized lists
\labelindent=\skip46
\enit@outerparindent=\dimen133
\enit@toks=\toks19
\enit@inbox=\box30
\enitdp@description=\count103
)
(../Preamble/myTables.tex) (../Preamble/myFigures.tex)
(/usr/share/texlive/texmf-dist/tex/latex/listings/lstlang1.sty
File: lstlang1.sty 2015/06/04 1.6 listings language file
)
(/usr/share/texlive/texmf-dist/tex/latex/graphics/graphicx.sty
Package: graphicx 2017/06/01 v1.1a Enhanced LaTeX Graphics (DPC,SPQR)

(/usr/share/texlive/texmf-dist/tex/latex/graphics/graphics.sty
Package: graphics 2017/06/25 v1.2c Standard LaTeX Graphics (DPC,SPQR)

(/usr/share/texlive/texmf-dist/tex/latex/graphics/trig.sty
Package: trig 2016/01/03 v1.10 sin cos tan (DPC)
)
(/usr/share/texlive/texmf-dist/tex/latex/graphics-cfg/graphics.cfg
File: graphics.cfg 2016/06/04 v1.11 sample graphics configuration
)
Package graphics Info: Driver file: pdftex.def on input line 99.
)
\Gin@req@height=\dimen134
\Gin@req@width=\dimen135
)
(/usr/share/texlive/texmf-dist/tex/latex/acronym/acronym.sty
Package: acronym 2015/03/21 v1.41 Support for acronyms (Tobias Oetiker)

(/usr/share/texlive/texmf-dist/tex/latex/bigfoot/suffix.sty
Package: suffix 2006/07/15 1.5a Variant command support
)
(/usr/share/texlive/texmf-dist/tex/generic/xstring/xstring.sty
(/usr/share/texlive/texmf-dist/tex/generic/xstring/xstring.tex
\@xs@message=\write3
\integerpart=\count104
\decimalpart=\count105
)
Package: xstring 2013/10/13  v1.7c  String manipulations (C Tellechea)
)
\AC@clearlist=\toks20
)
(/usr/share/texlive/texmf-dist/tex/latex/oberdiek/epstopdf.sty
Package: epstopdf 2016/05/15 v2.6 Conversion with epstopdf on the fly (HO)

(/usr/share/texlive/texmf-dist/tex/latex/oberdiek/epstopdf-base.sty
Package: epstopdf-base 2016/05/15 v2.6 Base part for package epstopdf

(/usr/share/texlive/texmf-dist/tex/generic/oberdiek/infwarerr.sty
Package: infwarerr 2016/05/16 v1.4 Providing info/warning/error messages (HO)
)
(/usr/share/texlive/texmf-dist/tex/latex/oberdiek/grfext.sty
Package: grfext 2016/05/16 v1.2 Manage graphics extensions (HO)

(/usr/share/texlive/texmf-dist/tex/generic/oberdiek/kvdefinekeys.sty
Package: kvdefinekeys 2016/05/16 v1.4 Define keys (HO)

(/usr/share/texlive/texmf-dist/tex/generic/oberdiek/ltxcmds.sty
Package: ltxcmds 2016/05/16 v1.23 LaTeX kernel commands for general use (HO)
)))
(/usr/share/texlive/texmf-dist/tex/latex/oberdiek/kvoptions.sty
Package: kvoptions 2016/05/16 v3.12 Key value format for package options (HO)

(/usr/share/texlive/texmf-dist/tex/generic/oberdiek/kvsetkeys.sty
Package: kvsetkeys 2016/05/16 v1.17 Key value parser (HO)

(/usr/share/texlive/texmf-dist/tex/generic/oberdiek/etexcmds.sty
Package: etexcmds 2016/05/16 v1.6 Avoid name clashes with e-TeX commands (HO)

(/usr/share/texlive/texmf-dist/tex/generic/oberdiek/ifluatex.sty
Package: ifluatex 2016/05/16 v1.4 Provides the ifluatex switch (HO)
Package ifluatex Info: LuaTeX not detected.
)
Package etexcmds Info: Could not find \expanded.
(etexcmds)             That can mean that you are not using pdfTeX 1.50 or
(etexcmds)             that some package has redefined \expanded.
(etexcmds)             In the latter case, load this package earlier.
)))
(/usr/share/texlive/texmf-dist/tex/generic/oberdiek/pdftexcmds.sty
Package: pdftexcmds 2017/03/19 v0.25 Utility functions of pdfTeX for LuaTeX (HO
)

(/usr/share/texlive/texmf-dist/tex/generic/oberdiek/ifpdf.sty
Package: ifpdf 2017/03/15 v3.2 Provides the ifpdf switch
)
Package pdftexcmds Info: LuaTeX not detected.
Package pdftexcmds Info: \pdf@primitive is available.
Package pdftexcmds Info: \pdf@ifprimitive is available.
Package pdftexcmds Info: \pdfdraftmode found.
)
Package epstopdf-base Info: Redefining graphics rule for `.eps' on input line 4
38.
Package grfext Info: Graphics extension search list:
(grfext)             [.pdf,.jpeg,.png,.eps]
(grfext)             \AppendGraphicsExtensions on input line 456.

(/usr/share/texlive/texmf-dist/tex/latex/latexconfig/epstopdf-sys.cfg
File: epstopdf-sys.cfg 2010/07/13 v1.3 Configuration of (r)epstopdf for TeX Liv
e
)))
(./ieee.aux)
\openout1 = `ieee.aux'.

LaTeX Font Info:    Checking defaults for OML/cmm/m/it on input line 66.
LaTeX Font Info:    ... okay on input line 66.
LaTeX Font Info:    Checking defaults for T1/cmr/m/n on input line 66.
LaTeX Font Info:    ... okay on input line 66.
LaTeX Font Info:    Checking defaults for OT1/cmr/m/n on input line 66.
LaTeX Font Info:    ... okay on input line 66.
LaTeX Font Info:    Checking defaults for OMS/cmsy/m/n on input line 66.
LaTeX Font Info:    ... okay on input line 66.
LaTeX Font Info:    Checking defaults for OMX/cmex/m/n on input line 66.
LaTeX Font Info:    ... okay on input line 66.
LaTeX Font Info:    Checking defaults for U/cmr/m/n on input line 66.
LaTeX Font Info:    ... okay on input line 66.

-- Lines per column: 56 (exact).
(/usr/share/texlive/texmf-dist/tex/context/base/mkii/supp-pdf.mkii
[Loading MPS to PDF converter (version 2006.09.02).]
\scratchcounter=\count106
\scratchdimen=\dimen136
\scratchbox=\box31
\nofMPsegments=\count107
\nofMParguments=\count108
\everyMPshowfont=\toks21
\MPscratchCnt=\count109
\MPscratchDim=\dimen137
\MPnumerator=\count110
\makeMPintoPDFobject=\count111
\everyMPtoPDFconversion=\toks22
)
\c@lstlisting=\count112
Package acronym Info: Label `acro:BLE' newly defined as it shall be overridden
although it is yet undefined on input line 131.
Package acronym Info: Label `acro:IoT' newly defined as it shall be overridden
although it is yet undefined on input line 131.
Package acronym Info: Label `acro:MAC' newly defined as it shall be overridden
although it is yet undefined on input line 131.
Package acronym Info: Label `acro:IoT' overridden on input line 140.
Package acronym Info: Label `acro:BLE' overridden on input line 140.
Package acronym Info: Label `acro:COTS' newly defined as it shall be overridden

although it is yet undefined on input line 144.
Package acronym Info: Label `acro:CITIoT' newly defined as it shall be overridd
en
although it is yet undefined on input line 148.
<../../Figures/smartHomeArchitecture.png, id=1, 1479.5275pt x 860.21375pt>
File: ../../Figures/smartHomeArchitecture.png Graphic file (type png)
<use ../../Figures/smartHomeArchitecture.png>
Package pdftex.def Info: ../../Figures/smartHomeArchitecture.png  used on input
 line 150. on input line 150.
Package pdftex.def Info: Requested size: 398.3264pt x 170.71399pt on input line
 150.


LaTeX Warning: `!h' float specifier changed to `!ht'.

Package acronym Info: Label `acro:MPDU' newly defined as it shall be overridden

although it is yet undefined on input line 158.
Package acronym Info: Label `acro:MAC' overridden on input line 158.
Package acronym Info: Label `acro:RSSI' newly defined as it shall be overridden

although it is yet undefined on input line 158.
Package acronym Info: Label `acro:CRM' newly defined as it shall be overridden
although it is yet undefined on input line 158.
Package acronym Info: Label `acro:FSize' newly defined as it shall be overridde
n
although it is yet undefined on input line 158.
[1{/var/lib/texmf/fonts/map/pdftex/updmap/pdftex.map}


]
Package acronym Info: Label `acro:SIG' newly defined as it shall be overridden
although it is yet undefined on input line 160.
Package acronym Info: Label `acro:SM' newly defined as it shall be overridden
although it is yet undefined on input line 160.
Package acronym Info: Label `acro:API' newly defined as it shall be overridden
although it is yet undefined on input line 165.
LaTeX Font Info:    External font `cmex10' loaded for size
(Font)              <7> on input line 167.
LaTeX Font Info:    External font `cmex10' loaded for size
(Font)              <5> on input line 167.
Package acronym Info: Label `acro:AP' newly defined as it shall be overridden
although it is yet undefined on input line 171.
Package acronym Info: Label `acro:WPA2-PSK' newly defined as it shall be overri
dden
although it is yet undefined on input line 171.
 [2 <../../Figures/smartHomeArchitecture.png>]
LaTeX Font Info:    External font `cmex10' loaded for size
(Font)              <8> on input line 175.
LaTeX Font Info:    External font `cmex10' loaded for size
(Font)              <6> on input line 175.
Package acronym Info: Label `acro:SSID' newly defined as it shall be overridden

although it is yet undefined on input line 194.
Package acronym Info: Label `acro:OUI' newly defined as it shall be overridden
although it is yet undefined on input line 194.
 [3]
<../../Figures/networkMapping.png, id=22, 460.6008pt x 452.892pt>
File: ../../Figures/networkMapping.png Graphic file (type png)
<use ../../Figures/networkMapping.png>
Package pdftex.def Info: ../../Figures/networkMapping.png  used on input line 1
96. on input line 196.
Package pdftex.def Info: Requested size: 216.81273pt x 199.16252pt on input lin
e 196.
Package acronym Info: Label `acro:CSV' newly defined as it shall be overridden
although it is yet undefined on input line 200.
<../../Figures/hostMachine.png, id=23, 996.72375pt x 697.60625pt>
File: ../../Figures/hostMachine.png Graphic file (type png)
<use ../../Figures/hostMachine.png>
Package pdftex.def Info: ../../Figures/hostMachine.png  used on input line 212.
 on input line 212.
Package pdftex.def Info: Requested size: 251.99394pt x 142.26508pt on input lin
e 212.


LaTeX Warning: `!h' float specifier changed to `!ht'.

[4 <../../Figures/networkMapping.png>] [5 <../../Figures/hostMachine.png>]
Underfull \hbox (badness 3138) in paragraph at lines 249--250
[]\OT1/ptm/m/n/8 Consumer Tech-nol-ogy As-so-ci-a-tion. (2017). ``Record Year A
head:
 []


Underfull \hbox (badness 10000) in paragraph at lines 249--250
\OT1/ptm/m/n/8 Releases/2016/January/Record-Year-Ahead-Consumer-Enthusiasm-for-

 []


Underfull \hbox (badness 1924) in paragraph at lines 252--253
\OT1/ptm/m/it/8 PHY, Spec-i-fi-ca-tion\OT1/ptm/m/n/8 , IEEE Stan-dard 802.11, 2
016. Avail-able: stan-
 []


Underfull \hbox (badness 5245) in paragraph at lines 264--265
[]\OT1/ptm/m/it/8 Specification of the Blue-tooth Sys-tem\OT1/ptm/m/n/8 , Core 
Ver-sion 4.0, June
 []


Underfull \hbox (badness 10000) in paragraph at lines 279--280
[]\OT1/ptm/m/n/8 A. Rose and B. Ram-sey. (2016). ``Pick-ing Blue-tooth Low
 []


Overfull \hbox (12.59837pt too wide) in paragraph at lines 279--280
\OT1/ptm/m/n/8 dia.defcon.org/DEF%20CON%2024/DEF%20CON%2024%20presentations/,
 []


Underfull \hbox (badness 10000) in paragraph at lines 285--286
[]\OT1/ptm/m/n/8 nfarina. (2015). ``Home-bridge" [On-line]. Avail-able:
 []


Underfull \hbox (badness 10000) in paragraph at lines 294--295
[]\OT1/ptm/m/n/8 Ubertooth. (2017). \OT1/ptm/m/it/8 greatscottgad-gets \OT1/ptm
/m/n/8 [On-line]. Avail-able:
 []


Underfull \hbox (badness 5274) in paragraph at lines 294--295
\OT1/ptm/m/n/8 github.com/greatscottgadgets/ubertooth/, [Last ac-cessed on Sep 
5,
 []


Underfull \hbox (badness 10000) in paragraph at lines 297--298
[]\OT1/ptm/m/n/8 Pyshark. (2017). \OT1/ptm/m/it/8 KimiNewt \OT1/ptm/m/n/8 [On-l
ine]. Avail-able:
 []


** Conference Paper **
Before submitting the final camera ready copy, remember to:

 1. Manually equalize the lengths of two columns on the last page
 of your paper;

 2. Ensure that any PostScript and/or PDF output post-processing
 uses only Type 1 fonts and that every step in the generation
 process uses the appropriate paper size.

[6] (./ieee.aux) ) 
Here is how much of TeX's memory you used:
 4690 strings out of 494931
 72409 string characters out of 6180851
 165473 words of memory out of 5000000
 7936 multiletter control sequences out of 15000+600000
 39904 words of font info for 73 fonts, out of 8000000 for 9000
 14 hyphenation exceptions out of 8191
 42i,22n,36p,2313b,318s stack positions out of 5000i,500n,10000p,200000b,80000s
{/usr/share/texlive/texmf-dist/fonts/enc/dvips/base/8r.enc}</
usr/share/texlive/texmf-dist/fonts/type1/public/amsfonts/cm/cmex10.pfb></usr/sh
are/texlive/texmf-dist/fonts/type1/public/amsfonts/cm/cmmi6.pfb></usr/share/tex
live/texmf-dist/fonts/type1/public/amsfonts/cm/cmmi8.pfb></usr/share/texlive/te
xmf-dist/fonts/type1/public/amsfonts/cm/cmr6.pfb></usr/share/texlive/texmf-dist
/fonts/type1/public/amsfonts/cm/cmr7.pfb></usr/share/texlive/texmf-dist/fonts/t
ype1/public/amsfonts/cm/cmr8.pfb></usr/share/texlive/texmf-dist/fonts/type1/pub
lic/amsfonts/cm/cmsy6.pfb></usr/share/texlive/texmf-dist/fonts/type1/urw/times/
utmb8a.pfb></usr/share/texlive/texmf-dist/fonts/type1/urw/times/utmbi8a.pfb></u
sr/share/texlive/texmf-dist/fonts/type1/urw/times/utmr8a.pfb></usr/share/texliv
e/texmf-dist/fonts/type1/urw/times/utmri8a.pfb>
Output written on ieee.pdf (6 pages, 658625 bytes).
PDF statistics:
 75 PDF objects out of 1000 (max. 8388607)
 49 compressed objects within 1 object stream
 0 named destinations out of 1000 (max. 500000)
 16 words of extra memory for PDF output out of 10000 (max. 10000000)

