This is pdfTeX, Version 3.14159265-2.6-1.40.18 (TeX Live 2017/Debian) (preloaded format=pdflatex 2017.11.6)  11 DEC 2017 12:57
entering extended mode
 restricted \write18 enabled.
 %&-line parsing enabled.
**chapter2.tex
(./chapter2.tex
LaTeX2e <2017-04-15>
Babel <3.14> and hyphenation patterns for 3 language(s) loaded.
(/usr/share/texlive/texmf-dist/tex/latex/base/book.cls
Document Class: book 2014/09/29 v1.4h Standard LaTeX document class
(/usr/share/texlive/texmf-dist/tex/latex/base/bk12.clo
File: bk12.clo 2014/09/29 v1.4h Standard LaTeX file (size option)
)
\c@part=\count79
\c@chapter=\count80
\c@section=\count81
\c@subsection=\count82
\c@subsubsection=\count83
\c@paragraph=\count84
\c@subparagraph=\count85
\c@figure=\count86
\c@table=\count87
\abovecaptionskip=\skip41
\belowcaptionskip=\skip42
\bibindent=\dimen102
)
(../../afitStyleFiles/afitThesis.sty

LaTeX Warning: You have requested package `../../afitStyleFiles/afitThesis',
               but the package provides `afitThesis'.

Package: afitThesis 
(/usr/share/texlive/texmf-dist/tex/latex/caption/caption.sty
Package: caption 2016/02/21 v3.3-144 Customizing captions (AR)

(/usr/share/texlive/texmf-dist/tex/latex/caption/caption3.sty
Package: caption3 2016/05/22 v1.7-166 caption3 kernel (AR)
Package caption3 Info: TeX engine: e-TeX on input line 67.

(/usr/share/texlive/texmf-dist/tex/latex/graphics/keyval.sty
Package: keyval 2014/10/28 v1.15 key=value parser (DPC)
\KV@toks@=\toks14
)
\captionmargin=\dimen103
\captionmargin@=\dimen104
\captionwidth=\dimen105
\caption@tempdima=\dimen106
\caption@indent=\dimen107
\caption@parindent=\dimen108
\caption@hangindent=\dimen109
)
\c@ContinuedFloat=\count88
)
(/usr/share/texlive/texmf-dist/tex/latex/geometry/geometry.sty
Package: geometry 2010/09/12 v5.6 Page Geometry

(/usr/share/texlive/texmf-dist/tex/generic/oberdiek/ifpdf.sty
Package: ifpdf 2017/03/15 v3.2 Provides the ifpdf switch
)
(/usr/share/texlive/texmf-dist/tex/generic/oberdiek/ifvtex.sty
Package: ifvtex 2016/05/16 v1.6 Detect VTeX and its facilities (HO)
Package ifvtex Info: VTeX not detected.
)
(/usr/share/texlive/texmf-dist/tex/generic/ifxetex/ifxetex.sty
Package: ifxetex 2010/09/12 v0.6 Provides ifxetex conditional
)
\Gm@cnth=\count89
\Gm@cntv=\count90
\c@Gm@tempcnt=\count91
\Gm@bindingoffset=\dimen110
\Gm@wd@mp=\dimen111
\Gm@odd@mp=\dimen112
\Gm@even@mp=\dimen113
\Gm@layoutwidth=\dimen114
\Gm@layoutheight=\dimen115
\Gm@layouthoffset=\dimen116
\Gm@layoutvoffset=\dimen117
\Gm@dimlist=\toks15
)
(/usr/share/texlive/texmf-dist/tex/latex/setspace/setspace.sty
Package: setspace 2011/12/19 v6.7a set line spacing
)
(/usr/share/texlive/texmf-dist/tex/latex/tools/indentfirst.sty
Package: indentfirst 1995/11/23 v1.03 Indent first paragraph (DPC)
)
(/usr/share/texlive/texmf-dist/tex/latex/float/float.sty
Package: float 2001/11/08 v1.3d Float enhancements (AL)
\c@float@type=\count92
\float@exts=\toks16
\float@box=\box26
\@float@everytoks=\toks17
\@floatcapt=\box27
)
(/usr/share/texlive/texmf-dist/tex/latex/base/flafter.sty
Package: flafter 2017/04/11 v1.4a Standard LaTeX floats after reference (FMi)
Applying: [2015/01/01] float order in 2-column on input line 49.
Already applied: [0000/00/00] float order in 2-column on input line 151.
)
(/usr/share/texlive/texmf-dist/tex/latex/amsfonts/amssymb.sty
Package: amssymb 2013/01/14 v3.01 AMS font symbols

(/usr/share/texlive/texmf-dist/tex/latex/amsfonts/amsfonts.sty
Package: amsfonts 2013/01/14 v3.01 Basic AMSFonts support
\@emptytoks=\toks18
\symAMSa=\mathgroup4
\symAMSb=\mathgroup5
LaTeX Font Info:    Overwriting math alphabet `\mathfrak' in version `bold'
(Font)                  U/euf/m/n --> U/euf/b/n on input line 106.
))
(/usr/share/texlive/texmf-dist/tex/latex/amsmath/amsmath.sty
Package: amsmath 2017/09/02 v2.17a AMS math features
\@mathmargin=\skip43

For additional information on amsmath, use the `?' option.
(/usr/share/texlive/texmf-dist/tex/latex/amsmath/amstext.sty
Package: amstext 2000/06/29 v2.01 AMS text

(/usr/share/texlive/texmf-dist/tex/latex/amsmath/amsgen.sty
File: amsgen.sty 1999/11/30 v2.0 generic functions
\@emptytoks=\toks19
\ex@=\dimen118
))
(/usr/share/texlive/texmf-dist/tex/latex/amsmath/amsbsy.sty
Package: amsbsy 1999/11/29 v1.2d Bold Symbols
\pmbraise@=\dimen119
)
(/usr/share/texlive/texmf-dist/tex/latex/amsmath/amsopn.sty
Package: amsopn 2016/03/08 v2.02 operator names
)
\inf@bad=\count93
LaTeX Info: Redefining \frac on input line 213.
\uproot@=\count94
\leftroot@=\count95
LaTeX Info: Redefining \overline on input line 375.
\classnum@=\count96
\DOTSCASE@=\count97
LaTeX Info: Redefining \ldots on input line 472.
LaTeX Info: Redefining \dots on input line 475.
LaTeX Info: Redefining \cdots on input line 596.
\Mathstrutbox@=\box28
\strutbox@=\box29
\big@size=\dimen120
LaTeX Font Info:    Redeclaring font encoding OML on input line 712.
LaTeX Font Info:    Redeclaring font encoding OMS on input line 713.
\macc@depth=\count98
\c@MaxMatrixCols=\count99
\dotsspace@=\muskip10
\c@parentequation=\count100
\dspbrk@lvl=\count101
\tag@help=\toks20
\row@=\count102
\column@=\count103
\maxfields@=\count104
\andhelp@=\toks21
\eqnshift@=\dimen121
\alignsep@=\dimen122
\tagshift@=\dimen123
\tagwidth@=\dimen124
\totwidth@=\dimen125
\lineht@=\dimen126
\@envbody=\toks22
\multlinegap=\skip44
\multlinetaggap=\skip45
\mathdisplay@stack=\toks23
LaTeX Info: Redefining \[ on input line 2817.
LaTeX Info: Redefining \] on input line 2818.
)
(/usr/share/texlive/texmf-dist/tex/latex/tools/theorem.sty
Package: theorem 2014/10/28 v2.2c Theorem extension package (FMi)
\theorem@style=\toks24
\theorem@bodyfont=\toks25
\theorempreskipamount=\skip46
\theorempostskipamount=\skip47

(/usr/share/texlive/texmf-dist/tex/latex/tools/thp.sty
File: thp.sty 2014/10/28 v2.2c Theorem extension package (FMi)
))
(/usr/share/texlive/texmf-dist/tex/latex/tools/varioref.sty
Package: varioref 2016/02/16 v1.5c package for extended references (FMi)
\c@vrcnt=\count105
)
(/usr/share/texlive/texmf-dist/tex/latex/tocbibind/tocbibind.sty
Package: tocbibind 2010/10/13 v1.5k extra ToC listings
Package tocbibind Info: The document has chapter divisions on input line 50.


Package tocbibind Note: Using chapter style headings, unless overridden.

) (/usr/share/texlive/texmf-dist/tex/latex/listings/listings.sty
\lst@mode=\count106
\lst@gtempboxa=\box30
\lst@token=\toks26
\lst@length=\count107
\lst@currlwidth=\dimen127
\lst@column=\count108
\lst@pos=\count109
\lst@lostspace=\dimen128
\lst@width=\dimen129
\lst@newlines=\count110
\lst@lineno=\count111
\lst@maxwidth=\dimen130

(/usr/share/texlive/texmf-dist/tex/latex/listings/lstmisc.sty
File: lstmisc.sty 2015/06/04 1.6 (Carsten Heinz)
\c@lstnumber=\count112
\lst@skipnumbers=\count113
\lst@framebox=\box31
)
(/usr/share/texlive/texmf-dist/tex/latex/listings/listings.cfg
File: listings.cfg 2015/06/04 1.6 listings configuration
))
Package: listings 2015/06/04 1.6 (Carsten Heinz)

(/usr/share/texlive/texmf-dist/tex/latex/tools/xspace.sty
Package: xspace 2014/10/28 v1.13 Space after command names (DPC,MH)
)
(/usr/share/texlive/texmf-dist/tex/latex/base/fixltx2e.sty
Package: fixltx2e 2016/12/29 v2.1a fixes to LaTeX (obsolete)
Applying: [2015/01/01] Old fixltx2e package on input line 46.


Package fixltx2e Warning: fixltx2e is not required with releases after 2015
(fixltx2e)                All fixes are now in the LaTeX kernel.
(fixltx2e)                See the latexrelease package for details.

Already applied: [0000/00/00] Old fixltx2e package on input line 53.
) (/usr/share/texlive/texmf-dist/tex/latex/threeparttable/threeparttable.sty
Package: threeparttable 2003/06/13  v 3.0
\@tempboxb=\box32
)
(/usr/share/texlive/texmf-dist/tex/latex/booktabs/booktabs.sty
Package: booktabs 2016/04/27 v1.618033 publication quality tables
\heavyrulewidth=\dimen131
\lightrulewidth=\dimen132
\cmidrulewidth=\dimen133
\belowrulesep=\dimen134
\belowbottomsep=\dimen135
\aboverulesep=\dimen136
\abovetopsep=\dimen137
\cmidrulesep=\dimen138
\cmidrulekern=\dimen139
\defaultaddspace=\dimen140
\@cmidla=\count114
\@cmidlb=\count115
\@aboverulesep=\dimen141
\@belowrulesep=\dimen142
\@thisruleclass=\count116
\@lastruleclass=\count117
\@thisrulewidth=\dimen143
)
(/usr/share/texlive/texmf-dist/tex/latex/graphics/color.sty
Package: color 2016/07/10 v1.1e Standard LaTeX Color (DPC)

(/usr/share/texlive/texmf-dist/tex/latex/graphics-cfg/color.cfg
File: color.cfg 2016/01/02 v1.6 sample color configuration
)
Package color Info: Driver file: pdftex.def on input line 147.

(/usr/share/texlive/texmf-dist/tex/latex/graphics-def/pdftex.def
File: pdftex.def 2017/06/24 v1.0g Graphics/color driver for pdftex
))
(/usr/share/texlive/texmf-dist/tex/latex/url/url.sty
\Urlmuskip=\muskip11
Package: url 2013/09/16  ver 3.4  Verb mode for urls, etc.
)
(/usr/share/texlive/texmf-dist/tex/latex/graphics/graphicx.sty
Package: graphicx 2017/06/01 v1.1a Enhanced LaTeX Graphics (DPC,SPQR)

(/usr/share/texlive/texmf-dist/tex/latex/graphics/graphics.sty
Package: graphics 2017/06/25 v1.2c Standard LaTeX Graphics (DPC,SPQR)

(/usr/share/texlive/texmf-dist/tex/latex/graphics/trig.sty
Package: trig 2016/01/03 v1.10 sin cos tan (DPC)
)
(/usr/share/texlive/texmf-dist/tex/latex/graphics-cfg/graphics.cfg
File: graphics.cfg 2016/06/04 v1.11 sample graphics configuration
)
Package graphics Info: Driver file: pdftex.def on input line 99.
)
\Gin@req@height=\dimen144
\Gin@req@width=\dimen145
)
\@indexfile=\write3
\openout3 = `chapter2.idx'.


Writing index file chapter2.idx
\c@com=\count118
\@tocboxa=\box33
\@tocboxb=\box34
) (/usr/share/texlive/texmf-dist/tex/latex/acronym/acronym.sty
Package: acronym 2015/03/21 v1.41 Support for acronyms (Tobias Oetiker)

(/usr/share/texlive/texmf-dist/tex/latex/bigfoot/suffix.sty
Package: suffix 2006/07/15 1.5a Variant command support
)
(/usr/share/texlive/texmf-dist/tex/generic/xstring/xstring.sty
(/usr/share/texlive/texmf-dist/tex/generic/xstring/xstring.tex
\@xs@message=\write4
\integerpart=\count119
\decimalpart=\count120
)
Package: xstring 2013/10/13  v1.7c  String manipulations (C Tellechea)
)
\AC@clearlist=\toks27
)
(/usr/share/texlive/texmf-dist/tex/latex/todo/todo.sty
Package: todo 2010/03/31 v2.4142 To-do list (Federico Garcia)
\@todotoks=\toks28
\c@todo=\count121
)
(/usr/share/texlive/texmf-dist/tex/latex/tabu/tabu.sty
Package: tabu 2011/02/26 v2.8 - flexible LaTeX tabulars (FC)

(/usr/share/texlive/texmf-dist/tex/latex/tools/array.sty
Package: array 2016/10/06 v2.4d Tabular extension package (FMi)
\col@sep=\dimen146
\extrarowheight=\dimen147
\NC@list=\toks29
\extratabsurround=\skip48
\backup@length=\skip49
)
(/usr/share/texlive/texmf-dist/tex/latex/varwidth/varwidth.sty
Package: varwidth 2009/03/30 ver 0.92;  Variable-width minipages
\@vwid@box=\box35
\sift@deathcycles=\count122
\@vwid@loff=\dimen148
\@vwid@roff=\dimen149
)
\c@taburow=\count123
\tabu@nbcols=\count124
\tabu@cnt=\count125
\tabu@Xcol=\count126
\tabu@alloc=\count127
\tabu@nested=\count128
\tabu@target=\dimen150
\tabu@spreadtarget=\dimen151
\tabu@naturalX=\dimen152
\tabucolX=\dimen153
\tabu@Xsum=\dimen154
\extrarowdepth=\dimen155
\abovetabulinesep=\dimen156
\belowtabulinesep=\dimen157
\tabustrutrule=\dimen158
\tabu@thebody=\toks30
\tabu@footnotes=\toks31
\tabu@box=\box36
\tabu@arstrutbox=\box37
\tabu@hleads=\box38
\tabu@vleads=\box39
\tabu@cellskip=\skip50
)
(/usr/share/texlive/texmf-dist/tex/latex/makecell/makecell.sty
Package: makecell 2009/08/03 V0.1e Managing of Tab Column Heads and Cells
\rotheadsize=\dimen159
\c@nlinenum=\count129
\TeXr@lab=\toks32
)
(../Preamble/myFigures.tex) (../Preamble/myTables.tex)
(/usr/share/texlive/texmf-dist/tex/latex/oberdiek/epstopdf.sty
Package: epstopdf 2016/05/15 v2.6 Conversion with epstopdf on the fly (HO)

(/usr/share/texlive/texmf-dist/tex/latex/oberdiek/epstopdf-base.sty
Package: epstopdf-base 2016/05/15 v2.6 Base part for package epstopdf

(/usr/share/texlive/texmf-dist/tex/generic/oberdiek/infwarerr.sty
Package: infwarerr 2016/05/16 v1.4 Providing info/warning/error messages (HO)
)
(/usr/share/texlive/texmf-dist/tex/latex/oberdiek/grfext.sty
Package: grfext 2016/05/16 v1.2 Manage graphics extensions (HO)

(/usr/share/texlive/texmf-dist/tex/generic/oberdiek/kvdefinekeys.sty
Package: kvdefinekeys 2016/05/16 v1.4 Define keys (HO)

(/usr/share/texlive/texmf-dist/tex/generic/oberdiek/ltxcmds.sty
Package: ltxcmds 2016/05/16 v1.23 LaTeX kernel commands for general use (HO)
)))
(/usr/share/texlive/texmf-dist/tex/latex/oberdiek/kvoptions.sty
Package: kvoptions 2016/05/16 v3.12 Key value format for package options (HO)

(/usr/share/texlive/texmf-dist/tex/generic/oberdiek/kvsetkeys.sty
Package: kvsetkeys 2016/05/16 v1.17 Key value parser (HO)

(/usr/share/texlive/texmf-dist/tex/generic/oberdiek/etexcmds.sty
Package: etexcmds 2016/05/16 v1.6 Avoid name clashes with e-TeX commands (HO)

(/usr/share/texlive/texmf-dist/tex/generic/oberdiek/ifluatex.sty
Package: ifluatex 2016/05/16 v1.4 Provides the ifluatex switch (HO)
Package ifluatex Info: LuaTeX not detected.
)
Package etexcmds Info: Could not find \expanded.
(etexcmds)             That can mean that you are not using pdfTeX 1.50 or
(etexcmds)             that some package has redefined \expanded.
(etexcmds)             In the latter case, load this package earlier.
)))
(/usr/share/texlive/texmf-dist/tex/generic/oberdiek/pdftexcmds.sty
Package: pdftexcmds 2017/03/19 v0.25 Utility functions of pdfTeX for LuaTeX (HO
)
Package pdftexcmds Info: LuaTeX not detected.
Package pdftexcmds Info: \pdf@primitive is available.
Package pdftexcmds Info: \pdf@ifprimitive is available.
Package pdftexcmds Info: \pdfdraftmode found.
)
Package epstopdf-base Info: Redefining graphics rule for `.eps' on input line 4
38.
Package grfext Info: Graphics extension search list:
(grfext)             [.jpg,.pdf,.png,.eps]
(grfext)             \AppendGraphicsExtensions on input line 456.

(/usr/share/texlive/texmf-dist/tex/latex/latexconfig/epstopdf-sys.cfg
File: epstopdf-sys.cfg 2010/07/13 v1.3 Configuration of (r)epstopdf for TeX Liv
e
)))
(./chapter2.aux)
\openout1 = `chapter2.aux'.

LaTeX Font Info:    Checking defaults for OML/cmm/m/it on input line 12.
LaTeX Font Info:    ... okay on input line 12.
LaTeX Font Info:    Checking defaults for T1/cmr/m/n on input line 12.
LaTeX Font Info:    ... okay on input line 12.
LaTeX Font Info:    Checking defaults for OT1/cmr/m/n on input line 12.
LaTeX Font Info:    ... okay on input line 12.
LaTeX Font Info:    Checking defaults for OMS/cmsy/m/n on input line 12.
LaTeX Font Info:    ... okay on input line 12.
LaTeX Font Info:    Checking defaults for OMX/cmex/m/n on input line 12.
LaTeX Font Info:    ... okay on input line 12.
LaTeX Font Info:    Checking defaults for U/cmr/m/n on input line 12.
LaTeX Font Info:    ... okay on input line 12.
Package caption Info: Begin \AtBeginDocument code.
Package caption Info: Incompatible package detected (regarding \@caption).
(caption)             \@caption = \long macro:#1[#2]#3->\par \addcontentsline {
\csname ext@#1\endcsname }{#1}{\protect \numberline {\csname the#1\endcsname .}
{\ignorespaces #2}}\begingroup \@parboxrestore \normalsize \@makecaption {{\csn
ame fnum@#1\endcsname }}{{\ignorespaces #3}} \endgroup .


Package caption Warning: \caption will not be redefined since it's already
(caption)                redefined by a document class or package which is
(caption)                unknown to the caption package.
See the caption package documentation for explanation.

Package caption Info: float package is loaded.
Package caption Info: listings package is loaded.
Package caption Info: threeparttable package is loaded.
Package caption Info: End \AtBeginDocument code.
*geometry* driver: auto-detecting
*geometry* detected driver: pdftex
*geometry* verbose mode - [ preamble ] result:
* driver: pdftex
* paper: letterpaper
* layout: <same size as paper>
* layoutoffset:(h,v)=(0.0pt,0.0pt)
* modes: 
* h-part:(L,W,R)=(90.3375pt, 433.62001pt, 90.3375pt)
* v-part:(T,H,B)=(72.26999pt, 632.3625pt, 90.3375pt)
* \paperwidth=614.295pt
* \paperheight=794.96999pt
* \textwidth=433.62001pt
* \textheight=632.3625pt
* \oddsidemargin=18.0675pt
* \evensidemargin=18.0675pt
* \topmargin=-31.8738pt
* \headheight=12.0pt
* \headsep=19.8738pt
* \topskip=12.0pt
* \footskip=30.0pt
* \marginparwidth=47.0pt
* \marginparsep=7.0pt
* \columnsep=10.0pt
* \skip\footins=10.8pt plus 4.0pt minus 2.0pt
* \hoffset=0.0pt
* \voffset=0.0pt
* \mag=1000
* \@twocolumnfalse
* \@twosidefalse
* \@mparswitchfalse
* \@reversemarginfalse
* (1in=72.27pt=25.4mm, 1cm=28.453pt)

\c@lstlisting=\count130
(/usr/share/texlive/texmf-dist/tex/context/base/mkii/supp-pdf.mkii
[Loading MPS to PDF converter (version 2006.09.02).]
\scratchcounter=\count131
\scratchdimen=\dimen160
\scratchbox=\box40
\nofMPsegments=\count132
\nofMParguments=\count133
\everyMPshowfont=\toks33
\MPscratchCnt=\count134
\MPscratchDim=\dimen161
\MPnumerator=\count135
\makeMPintoPDFobject=\count136
\everyMPtoPDFconversion=\toks34
)
Chapter I.
LaTeX Font Info:    Try loading font information for U+msa on input line 48.
(/usr/share/texlive/texmf-dist/tex/latex/amsfonts/umsa.fd
File: umsa.fd 2013/01/14 v3.01 AMS symbols A
)
LaTeX Font Info:    Try loading font information for U+msb on input line 48.

(/usr/share/texlive/texmf-dist/tex/latex/amsfonts/umsb.fd
File: umsb.fd 2013/01/14 v3.01 AMS symbols B
)
Package acronym Info: Label `acro:BLE' newly defined as it shall be overridden
although it is yet undefined on input line 51.
Package acronym Info: Label `acro:IoT' newly defined as it shall be overridden
although it is yet undefined on input line 51.
Package acronym Info: Label `acro:AP' newly defined as it shall be overridden
although it is yet undefined on input line 55.
Package acronym Info: Label `acro:SSID' newly defined as it shall be overridden

although it is yet undefined on input line 55.
Package acronym Info: Label `acro:MPDU' newly defined as it shall be overridden

although it is yet undefined on input line 55.
Package acronym Info: Label `acro:MAC' newly defined as it shall be overridden
although it is yet undefined on input line 55.
Package acronym Info: Label `acro:BSSID' newly defined as it shall be overridde
n
although it is yet undefined on input line 55.


Package acronym Warning: Acronym `BSSID' is not defined on input line 55.


Package acronym Warning: Acronym `BSSID' is not defined on input line 55.

Package acronym Info: Label `acro:SA' newly defined as it shall be overridden
although it is yet undefined on input line 55.

Package acronym Warning: Acronym `SA' is not defined on input line 55.


Package acronym Warning: Acronym `SA' is not defined on input line 55.

Package acronym Info: Label `acro:DA' newly defined as it shall be overridden
although it is yet undefined on input line 55.

Package acronym Warning: Acronym `DA' is not defined on input line 55.


Package acronym Warning: Acronym `DA' is not defined on input line 55.

[1



{/var/lib/texmf/fonts/map/pdftex/updmap/pdftex.map}]
<../../Figures/macHeader.png, id=9, 743.77875pt x 72.27pt>
File: ../../Figures/macHeader.png Graphic file (type png)
<use ../../Figures/macHeader.png>
Package pdftex.def Info: ../../Figures/macHeader.png  used on input line 57. on
 input line 57.
Package pdftex.def Info: Requested size: 433.62001pt x 42.13385pt on input line
 57.
Package acronym Info: Label `acro:WPA' newly defined as it shall be overridden
although it is yet undefined on input line 57.
File: ../../Figures/macHeader.png Graphic file (type png)
<use ../../Figures/macHeader.png>
Package pdftex.def Info: ../../Figures/macHeader.png  used on input line 58. on
 input line 58.
Package pdftex.def Info: Requested size: 433.62001pt x 42.13385pt on input line
 58.
Package acronym Info: Label `acro:WNIC' newly defined as it shall be overridden

although it is yet undefined on input line 60.


Package acronym Warning: Acronym `WNIC' is not defined on input line 60.


Package acronym Warning: Acronym `WNIC' is not defined on input line 60.


Package acronym Warning: Acronym `WNIC' is not defined on input line 60.


Package acronym Warning: Acronym `WNIC' is not defined on input line 60.


Package acronym Warning: Acronym `BSSID' is not defined on input line 60.


Package acronym Warning: Acronym `WNIC' is not defined on input line 60.


Package acronym Warning: Acronym `DA' is not defined on input line 60.


Package acronym Warning: Acronym `BSSID' is not defined on input line 60.

Package acronym Info: Label `acro:FSize' newly defined as it shall be overridde
n
although it is yet undefined on input line 62.
Package acronym Info: Label `acro:SIG' newly defined as it shall be overridden
although it is yet undefined on input line 65.
Package acronym Info: Label `acro:BR/EDR' newly defined as it shall be overridd
en
although it is yet undefined on input line 65.
[2 <../../Figures/macHeader.png>]
Package epstopdf Info: Source file: <../../Figures/architecture.eps>
(epstopdf)                    date: 2017-05-25 15:19:09
(epstopdf)                    size: 1374795 bytes
(epstopdf)             Output file: <./architecture-eps-converted-to.pdf>
(epstopdf)                    date: 2017-12-08 21:47:26
(epstopdf)                    size: 37330 bytes
(epstopdf)             Command: <repstopdf --outfile=./architecture-eps-convert
ed-to.pdf ../../Figures/architecture.eps>
(epstopdf)             \includegraphics on input line 69.
Package epstopdf Info: Output file is already uptodate.
<./architecture-eps-converted-to.pdf, id=16, pagebox=cropbox, 582.175pt x 288.0
7625pt>
File: ./architecture-eps-converted-to.pdf Graphic file (type pdf)
<use ./architecture-eps-converted-to.pdf>
Package pdftex.def Info: ./architecture-eps-converted-to.pdf  used on input lin
e 69. on input line 69.
Package pdftex.def Info: Requested size: 289.07999pt x 143.04874pt on input lin
e 69.
Package acronym Info: Label `acro:ATT' newly defined as it shall be overridden
although it is yet undefined on input line 72.


LaTeX Warning: Reference `' on page 3 undefined on input line 72.

Package acronym Info: Label `acro:GATT' newly defined as it shall be overridden

although it is yet undefined on input line 72.
[3 <./architecture-eps-converted-to.pdf>]
Package acronym Info: Label `acro:SM' newly defined as it shall be overridden
although it is yet undefined on input line 75.
Package acronym Info: Label `acro:LTK' newly defined as it shall be overridden
although it is yet undefined on input line 75.
Package acronym Info: Label `acro:AES' newly defined as it shall be overridden
although it is yet undefined on input line 75.
Package acronym Info: Label `acro:CSRK' newly defined as it shall be overridden

although it is yet undefined on input line 75.
Package acronym Info: Label `acro:IRK' newly defined as it shall be overridden
although it is yet undefined on input line 75.
 [4]
Package acronym Info: Label `acro:CE' newly defined as it shall be overridden
although it is yet undefined on input line 78.
Package epstopdf Info: Source file: <../../Figures/connectionProcess.eps>
(epstopdf)                    date: 2017-05-31 15:40:31
(epstopdf)                    size: 2564155 bytes
(epstopdf)             Output file: <./connectionProcess-eps-converted-to.pdf>
(epstopdf)                    date: 2017-12-08 21:47:27
(epstopdf)                    size: 35660 bytes
(epstopdf)             Command: <repstopdf --outfile=./connectionProcess-eps-co
nverted-to.pdf ../../Figures/connectionProcess.eps>
(epstopdf)             \includegraphics on input line 80.
Package epstopdf Info: Output file is already uptodate.
<./connectionProcess-eps-converted-to.pdf, id=32, pagebox=cropbox, 452.69125pt 
x 436.63126pt>
File: ./connectionProcess-eps-converted-to.pdf Graphic file (type pdf)
<use ./connectionProcess-eps-converted-to.pdf>
Package pdftex.def Info: ./connectionProcess-eps-converted-to.pdf  used on inpu
t line 80. on input line 80.
Package pdftex.def Info: Requested size: 289.07999pt x 278.82344pt on input lin
e 80.
 [5]
Package epstopdf Info: Source file: <../../Figures/activeScanning.eps>
(epstopdf)                    date: 2017-05-30 16:18:02
(epstopdf)                    size: 771398 bytes
(epstopdf)             Output file: <./activeScanning-eps-converted-to.pdf>
(epstopdf)                    date: 2017-12-08 21:47:28
(epstopdf)                    size: 28421 bytes
(epstopdf)             Command: <repstopdf --outfile=./activeScanning-eps-conve
rted-to.pdf ../../Figures/activeScanning.eps>
(epstopdf)             \includegraphics on input line 84.
Package epstopdf Info: Output file is already uptodate.
<./activeScanning-eps-converted-to.pdf, id=36, pagebox=cropbox, 448.67625pt x 1
82.6825pt>
File: ./activeScanning-eps-converted-to.pdf Graphic file (type pdf)
<use ./activeScanning-eps-converted-to.pdf>
Package pdftex.def Info: ./activeScanning-eps-converted-to.pdf  used on input l
ine 84. on input line 84.
Package pdftex.def Info: Requested size: 289.07999pt x 117.70525pt on input lin
e 84.
 [6 <./connectionProcess-eps-converted-to.pdf>]
Package acronym Info: Label `acro:SCA' newly defined as it shall be overridden
although it is yet undefined on input line 86.
 [7 <./activeScanning-eps-converted-to.pdf>]
Package epstopdf Info: Source file: <../../Figures/channelMap.eps>
(epstopdf)                    date: 2017-05-31 15:40:28
(epstopdf)                    size: 6959243 bytes
(epstopdf)             Output file: <./channelMap-eps-converted-to.pdf>
(epstopdf)                    date: 2017-12-08 21:47:29
(epstopdf)                    size: 31011 bytes
(epstopdf)             Command: <repstopdf --outfile=./channelMap-eps-converted
-to.pdf ../../Figures/channelMap.eps>
(epstopdf)             \includegraphics on input line 90.
Package epstopdf Info: Output file is already uptodate.
<./channelMap-eps-converted-to.pdf, id=62, pagebox=cropbox, 641.39626pt x 190.7
125pt>
File: ./channelMap-eps-converted-to.pdf Graphic file (type pdf)
<use ./channelMap-eps-converted-to.pdf>
Package pdftex.def Info: ./channelMap-eps-converted-to.pdf  used on input line 
90. on input line 90.
Package pdftex.def Info: Requested size: 361.34999pt x 107.44429pt on input lin
e 90.
Package acronym Info: Label `acro:CRC' newly defined as it shall be overridden
although it is yet undefined on input line 94.
 [8 <./channelMap-eps-converted-to.pdf>] [9]
LaTeX Font Info:    Try loading font information for OMS+cmr on input line 110.


(/usr/share/texlive/texmf-dist/tex/latex/base/omscmr.fd
File: omscmr.fd 2014/09/29 v2.5h Standard LaTeX font definitions
)
LaTeX Font Info:    Font shape `OMS/cmr/m/n' in size <12> not available
(Font)              Font shape `OMS/cmsy/m/n' tried instead on input line 110.
Package acronym Info: Label `acro:API' newly defined as it shall be overridden
although it is yet undefined on input line 112.


Package acronym Warning: Acronym `API' is not defined on input line 112.


Package acronym Warning: Acronym `API' is not defined on input line 112.


Package acronym Warning: Acronym `API' is not defined on input line 114.


Underfull \hbox (badness 7759) in paragraph at lines 121--121
[]|\OT1/cmr/m/n/12 Commercial Broad-com BCM20702-based
 []


Underfull \hbox (badness 1881) in paragraph at lines 121--121
\OT1/cmr/m/n/12 Blue-tooth adapter to com-mu-ni-cate with
 []


Underfull \hbox (badness 1975) in paragraph at lines 121--121
[]|\OT1/cmr/m/n/12 Python wrap-per al-low-ing python packet
 []

[10]
Package acronym Info: Label `acro:SHAA' newly defined as it shall be overridden

although it is yet undefined on input line 124.
Package acronym Info: Label `acro:MIoTL' newly defined as it shall be overridde
n
although it is yet undefined on input line 124.
 [11]
Package acronym Info: Label `acro:RSSI' newly defined as it shall be overridden

although it is yet undefined on input line 128.
 [12]
Package acronym Info: Label `acro:CRM' newly defined as it shall be overridden
although it is yet undefined on input line 130.
Missing character: There is no ‚ in font cmr12!
Missing character: There is no Ä in font cmr12!
Missing character: There is no ú in font cmr12!
Missing character: There is no ‚ in font cmr12!
Missing character: There is no Ä in font cmr12!
Missing character: There is no ù in font cmr12!
 [13] [14] (./chapter2.bbl
Underfull \hbox (badness 10000) in paragraph at lines 31--35
\OT1/cmr/m/it/12 https://www.bluetooth.com/specifications/adopted-specification
s/legacy-
 []

[15


]
Underfull \hbox (badness 3312) in paragraph at lines 128--133
[]\OT1/cmr/m/n/12 A. Rose and B. Ram-sey.  Pick-ing blue-tooth low en-ergy lock
s from
 []


Underfull \hbox (badness 5741) in paragraph at lines 128--133
\OT1/cmr/m/n/12 a quar-ter mile away.  2016.  pre-sented at DEF CON 24 \OT1/cmr
/m/it/12 (me-
 []

[16]) [17] (./chapter2.aux)

LaTeX Warning: There were undefined references.

 ) 
Here is how much of TeX's memory you used:
 7556 strings out of 494931
 108738 string characters out of 6180851
 199915 words of memory out of 5000000
 10700 multiletter control sequences out of 15000+600000
 10021 words of font info for 38 fonts, out of 8000000 for 9000
 14 hyphenation exceptions out of 8191
 43i,12n,40p,1599b,357s stack positions out of 5000i,500n,10000p,200000b,80000s
</usr/share/texlive/texmf-dist/fonts/type1/public/amsfonts/cm/cmbx10.pfb></us
r/share/texlive/texmf-dist/fonts/type1/public/amsfonts/cm/cmbx12.pfb></usr/shar
e/texlive/texmf-dist/fonts/type1/public/amsfonts/cm/cmmi12.pfb></usr/share/texl
ive/texmf-dist/fonts/type1/public/amsfonts/cm/cmr12.pfb></usr/share/texlive/tex
mf-dist/fonts/type1/public/amsfonts/cm/cmsy10.pfb></usr/share/texlive/texmf-dis
t/fonts/type1/public/amsfonts/cm/cmti12.pfb></usr/share/texlive/texmf-dist/font
s/type1/public/amsfonts/cm/cmtt12.pfb>
Output written on chapter2.pdf (17 pages, 261095 bytes).
PDF statistics:
 130 PDF objects out of 1000 (max. 8388607)
 85 compressed objects within 1 object stream
 0 named destinations out of 1000 (max. 500000)
 26 words of extra memory for PDF output out of 10000 (max. 10000000)

