This is pdfTeX, Version 3.14159265-2.6-1.40.18 (TeX Live 2017) (preloaded format=pdflatex 2017.5.23)  27 DEC 2017 20:26
entering extended mode
 restricted \write18 enabled.
 %&-line parsing enabled.
**chapter5.tex
(./chapter5.tex
LaTeX2e <2017-04-15>
Babel <3.10> and hyphenation patterns for 84 language(s) loaded.
(/usr/local/texlive/2017/texmf-dist/tex/latex/base/book.cls
Document Class: book 2014/09/29 v1.4h Standard LaTeX document class
(/usr/local/texlive/2017/texmf-dist/tex/latex/base/bk12.clo
File: bk12.clo 2014/09/29 v1.4h Standard LaTeX file (size option)
)
\c@part=\count79
\c@chapter=\count80
\c@section=\count81
\c@subsection=\count82
\c@subsubsection=\count83
\c@paragraph=\count84
\c@subparagraph=\count85
\c@figure=\count86
\c@table=\count87
\abovecaptionskip=\skip41
\belowcaptionskip=\skip42
\bibindent=\dimen102
)
(../../afitStyleFiles/afitThesis.sty

LaTeX Warning: You have requested package `../../afitStyleFiles/afitThesis',
               but the package provides `afitThesis'.

Package: afitThesis 
(/usr/local/texlive/2017/texmf-dist/tex/latex/caption/caption.sty
Package: caption 2016/02/21 v3.3-144 Customizing captions (AR)

(/usr/local/texlive/2017/texmf-dist/tex/latex/caption/caption3.sty
Package: caption3 2016/05/22 v1.7-166 caption3 kernel (AR)
Package caption3 Info: TeX engine: e-TeX on input line 67.

(/usr/local/texlive/2017/texmf-dist/tex/latex/graphics/keyval.sty
Package: keyval 2014/10/28 v1.15 key=value parser (DPC)
\KV@toks@=\toks14
)
\captionmargin=\dimen103
\captionmargin@=\dimen104
\captionwidth=\dimen105
\caption@tempdima=\dimen106
\caption@indent=\dimen107
\caption@parindent=\dimen108
\caption@hangindent=\dimen109
)
\c@ContinuedFloat=\count88
)
(/usr/local/texlive/2017/texmf-dist/tex/latex/geometry/geometry.sty
Package: geometry 2010/09/12 v5.6 Page Geometry

(/usr/local/texlive/2017/texmf-dist/tex/generic/oberdiek/ifpdf.sty
Package: ifpdf 2017/03/15 v3.2 Provides the ifpdf switch
)
(/usr/local/texlive/2017/texmf-dist/tex/generic/oberdiek/ifvtex.sty
Package: ifvtex 2016/05/16 v1.6 Detect VTeX and its facilities (HO)
Package ifvtex Info: VTeX not detected.
)
(/usr/local/texlive/2017/texmf-dist/tex/generic/ifxetex/ifxetex.sty
Package: ifxetex 2010/09/12 v0.6 Provides ifxetex conditional
)
\Gm@cnth=\count89
\Gm@cntv=\count90
\c@Gm@tempcnt=\count91
\Gm@bindingoffset=\dimen110
\Gm@wd@mp=\dimen111
\Gm@odd@mp=\dimen112
\Gm@even@mp=\dimen113
\Gm@layoutwidth=\dimen114
\Gm@layoutheight=\dimen115
\Gm@layouthoffset=\dimen116
\Gm@layoutvoffset=\dimen117
\Gm@dimlist=\toks15
)
(/usr/local/texlive/2017/texmf-dist/tex/latex/setspace/setspace.sty
Package: setspace 2011/12/19 v6.7a set line spacing
)
(/usr/local/texlive/2017/texmf-dist/tex/latex/tools/indentfirst.sty
Package: indentfirst 1995/11/23 v1.03 Indent first paragraph (DPC)
)
(/usr/local/texlive/2017/texmf-dist/tex/latex/float/float.sty
Package: float 2001/11/08 v1.3d Float enhancements (AL)
\c@float@type=\count92
\float@exts=\toks16
\float@box=\box26
\@float@everytoks=\toks17
\@floatcapt=\box27
)
(/usr/local/texlive/2017/texmf-dist/tex/latex/base/flafter.sty
Package: flafter 2017/04/11 v1.4a Standard LaTeX floats after reference (FMi)
Applying: [2015/01/01] float order in 2-column on input line 49.
Already applied: [0000/00/00] float order in 2-column on input line 151.
)
(/usr/local/texlive/2017/texmf-dist/tex/latex/amsfonts/amssymb.sty
Package: amssymb 2013/01/14 v3.01 AMS font symbols

(/usr/local/texlive/2017/texmf-dist/tex/latex/amsfonts/amsfonts.sty
Package: amsfonts 2013/01/14 v3.01 Basic AMSFonts support
\@emptytoks=\toks18
\symAMSa=\mathgroup4
\symAMSb=\mathgroup5
LaTeX Font Info:    Overwriting math alphabet `\mathfrak' in version `bold'
(Font)                  U/euf/m/n --> U/euf/b/n on input line 106.
))
(/usr/local/texlive/2017/texmf-dist/tex/latex/amsmath/amsmath.sty
Package: amsmath 2016/11/05 v2.16a AMS math features
\@mathmargin=\skip43

For additional information on amsmath, use the `?' option.
(/usr/local/texlive/2017/texmf-dist/tex/latex/amsmath/amstext.sty
Package: amstext 2000/06/29 v2.01 AMS text

(/usr/local/texlive/2017/texmf-dist/tex/latex/amsmath/amsgen.sty
File: amsgen.sty 1999/11/30 v2.0 generic functions
\@emptytoks=\toks19
\ex@=\dimen118
))
(/usr/local/texlive/2017/texmf-dist/tex/latex/amsmath/amsbsy.sty
Package: amsbsy 1999/11/29 v1.2d Bold Symbols
\pmbraise@=\dimen119
)
(/usr/local/texlive/2017/texmf-dist/tex/latex/amsmath/amsopn.sty
Package: amsopn 2016/03/08 v2.02 operator names
)
\inf@bad=\count93
LaTeX Info: Redefining \frac on input line 213.
\uproot@=\count94
\leftroot@=\count95
LaTeX Info: Redefining \overline on input line 375.
\classnum@=\count96
\DOTSCASE@=\count97
LaTeX Info: Redefining \ldots on input line 472.
LaTeX Info: Redefining \dots on input line 475.
LaTeX Info: Redefining \cdots on input line 596.
\Mathstrutbox@=\box28
\strutbox@=\box29
\big@size=\dimen120
LaTeX Font Info:    Redeclaring font encoding OML on input line 712.
LaTeX Font Info:    Redeclaring font encoding OMS on input line 713.
\macc@depth=\count98
\c@MaxMatrixCols=\count99
\dotsspace@=\muskip10
\c@parentequation=\count100
\dspbrk@lvl=\count101
\tag@help=\toks20
\row@=\count102
\column@=\count103
\maxfields@=\count104
\andhelp@=\toks21
\eqnshift@=\dimen121
\alignsep@=\dimen122
\tagshift@=\dimen123
\tagwidth@=\dimen124
\totwidth@=\dimen125
\lineht@=\dimen126
\@envbody=\toks22
\multlinegap=\skip44
\multlinetaggap=\skip45
\mathdisplay@stack=\toks23
LaTeX Info: Redefining \[ on input line 2817.
LaTeX Info: Redefining \] on input line 2818.
)
(/usr/local/texlive/2017/texmf-dist/tex/latex/tools/theorem.sty
Package: theorem 2014/10/28 v2.2c Theorem extension package (FMi)
\theorem@style=\toks24
\theorem@bodyfont=\toks25
\theorempreskipamount=\skip46
\theorempostskipamount=\skip47

(/usr/local/texlive/2017/texmf-dist/tex/latex/tools/thp.sty
File: thp.sty 2014/10/28 v2.2c Theorem extension package (FMi)
))
(/usr/local/texlive/2017/texmf-dist/tex/latex/tools/varioref.sty
Package: varioref 2016/02/16 v1.5c package for extended references (FMi)
\c@vrcnt=\count105
)
(/usr/local/texlive/2017/texmf-dist/tex/latex/tocbibind/tocbibind.sty
Package: tocbibind 2010/10/13 v1.5k extra ToC listings
Package tocbibind Info: The document has chapter divisions on input line 50.


Package tocbibind Note: Using chapter style headings, unless overridden.

) (/usr/local/texlive/2017/texmf-dist/tex/latex/listings/listings.sty
\lst@mode=\count106
\lst@gtempboxa=\box30
\lst@token=\toks26
\lst@length=\count107
\lst@currlwidth=\dimen127
\lst@column=\count108
\lst@pos=\count109
\lst@lostspace=\dimen128
\lst@width=\dimen129
\lst@newlines=\count110
\lst@lineno=\count111
\lst@maxwidth=\dimen130

(/usr/local/texlive/2017/texmf-dist/tex/latex/listings/lstmisc.sty
File: lstmisc.sty 2015/06/04 1.6 (Carsten Heinz)
\c@lstnumber=\count112
\lst@skipnumbers=\count113
\lst@framebox=\box31
)
(/usr/local/texlive/2017/texmf-dist/tex/latex/listings/listings.cfg
File: listings.cfg 2015/06/04 1.6 listings configuration
))
Package: listings 2015/06/04 1.6 (Carsten Heinz)

(/usr/local/texlive/2017/texmf-dist/tex/latex/tools/xspace.sty
Package: xspace 2014/10/28 v1.13 Space after command names (DPC,MH)
)
(/usr/local/texlive/2017/texmf-dist/tex/latex/base/fixltx2e.sty
Package: fixltx2e 2016/12/29 v2.1a fixes to LaTeX (obsolete)
Applying: [2015/01/01] Old fixltx2e package on input line 46.


Package fixltx2e Warning: fixltx2e is not required with releases after 2015
(fixltx2e)                All fixes are now in the LaTeX kernel.
(fixltx2e)                See the latexrelease package for details.

Already applied: [0000/00/00] Old fixltx2e package on input line 53.
)
(/usr/local/texlive/2017/texmf-dist/tex/latex/threeparttable/threeparttable.sty
Package: threeparttable 2003/06/13  v 3.0
\@tempboxb=\box32
) (/usr/local/texlive/2017/texmf-dist/tex/latex/booktabs/booktabs.sty
Package: booktabs 2016/04/27 v1.618033 publication quality tables
\heavyrulewidth=\dimen131
\lightrulewidth=\dimen132
\cmidrulewidth=\dimen133
\belowrulesep=\dimen134
\belowbottomsep=\dimen135
\aboverulesep=\dimen136
\abovetopsep=\dimen137
\cmidrulesep=\dimen138
\cmidrulekern=\dimen139
\defaultaddspace=\dimen140
\@cmidla=\count114
\@cmidlb=\count115
\@aboverulesep=\dimen141
\@belowrulesep=\dimen142
\@thisruleclass=\count116
\@lastruleclass=\count117
\@thisrulewidth=\dimen143
)
(/usr/local/texlive/2017/texmf-dist/tex/latex/graphics/color.sty
Package: color 2016/07/10 v1.1e Standard LaTeX Color (DPC)

(/usr/local/texlive/2017/texmf-dist/tex/latex/graphics-cfg/color.cfg
File: color.cfg 2016/01/02 v1.6 sample color configuration
)
Package color Info: Driver file: pdftex.def on input line 147.

(/usr/local/texlive/2017/texmf-dist/tex/latex/graphics-def/pdftex.def
File: pdftex.def 2017/01/12 v0.06k Graphics/color for pdfTeX

(/usr/local/texlive/2017/texmf-dist/tex/generic/oberdiek/infwarerr.sty
Package: infwarerr 2016/05/16 v1.4 Providing info/warning/error messages (HO)
)
(/usr/local/texlive/2017/texmf-dist/tex/generic/oberdiek/ltxcmds.sty
Package: ltxcmds 2016/05/16 v1.23 LaTeX kernel commands for general use (HO)
)
\Gread@gobject=\count118
))
(/usr/local/texlive/2017/texmf-dist/tex/latex/url/url.sty
\Urlmuskip=\muskip11
Package: url 2013/09/16  ver 3.4  Verb mode for urls, etc.
)
(/usr/local/texlive/2017/texmf-dist/tex/latex/graphics/graphicx.sty
Package: graphicx 2014/10/28 v1.0g Enhanced LaTeX Graphics (DPC,SPQR)

(/usr/local/texlive/2017/texmf-dist/tex/latex/graphics/graphics.sty
Package: graphics 2017/04/14 v1.1b Standard LaTeX Graphics (DPC,SPQR)

(/usr/local/texlive/2017/texmf-dist/tex/latex/graphics/trig.sty
Package: trig 2016/01/03 v1.10 sin cos tan (DPC)
)
(/usr/local/texlive/2017/texmf-dist/tex/latex/graphics-cfg/graphics.cfg
File: graphics.cfg 2016/06/04 v1.11 sample graphics configuration
)
Package graphics Info: Driver file: pdftex.def on input line 99.
)
\Gin@req@height=\dimen144
\Gin@req@width=\dimen145
)
\@indexfile=\write3
\openout3 = `chapter5.idx'.


Writing index file chapter5.idx
\c@com=\count119
\@tocboxa=\box33
\@tocboxb=\box34
) (/usr/local/texlive/2017/texmf-dist/tex/latex/acronym/acronym.sty
Package: acronym 2015/03/21 v1.41 Support for acronyms (Tobias Oetiker)

(/usr/local/texlive/2017/texmf-dist/tex/latex/bigfoot/suffix.sty
Package: suffix 2006/07/15 1.5a Variant command support
)
(/usr/local/texlive/2017/texmf-dist/tex/generic/xstring/xstring.sty
(/usr/local/texlive/2017/texmf-dist/tex/generic/xstring/xstring.tex
\@xs@message=\write4
\integerpart=\count120
\decimalpart=\count121
)
Package: xstring 2013/10/13  v1.7c  String manipulations (C Tellechea)
)
\AC@clearlist=\toks27
)
(/usr/local/texlive/2017/texmf-dist/tex/latex/todo/todo.sty
Package: todo 2010/03/31 v2.4142 To-do list (Federico Garcia)
\@todotoks=\toks28
\c@todo=\count122
)
(/usr/local/texlive/2017/texmf-dist/tex/latex/tabu/tabu.sty
Package: tabu 2011/02/26 v2.8 - flexible LaTeX tabulars (FC)

(/usr/local/texlive/2017/texmf-dist/tex/latex/tools/array.sty
Package: array 2016/10/06 v2.4d Tabular extension package (FMi)
\col@sep=\dimen146
\extrarowheight=\dimen147
\NC@list=\toks29
\extratabsurround=\skip48
\backup@length=\skip49
)
(/usr/local/texlive/2017/texmf-dist/tex/latex/varwidth/varwidth.sty
Package: varwidth 2009/03/30 ver 0.92;  Variable-width minipages
\@vwid@box=\box35
\sift@deathcycles=\count123
\@vwid@loff=\dimen148
\@vwid@roff=\dimen149
)
\c@taburow=\count124
\tabu@nbcols=\count125
\tabu@cnt=\count126
\tabu@Xcol=\count127
\tabu@alloc=\count128
\tabu@nested=\count129
\tabu@target=\dimen150
\tabu@spreadtarget=\dimen151
\tabu@naturalX=\dimen152
\tabucolX=\dimen153
\tabu@Xsum=\dimen154
\extrarowdepth=\dimen155
\abovetabulinesep=\dimen156
\belowtabulinesep=\dimen157
\tabustrutrule=\dimen158
\tabu@thebody=\toks30
\tabu@footnotes=\toks31
\tabu@box=\box36
\tabu@arstrutbox=\box37
\tabu@hleads=\box38
\tabu@vleads=\box39
\tabu@cellskip=\skip50
)
(/usr/local/texlive/2017/texmf-dist/tex/latex/makecell/makecell.sty
Package: makecell 2009/08/03 V0.1e Managing of Tab Column Heads and Cells
\rotheadsize=\dimen159
\c@nlinenum=\count130
\TeXr@lab=\toks32
)
(../Preamble/myFigures.tex) (../Preamble/myTables.tex)
(/usr/local/texlive/2017/texmf-dist/tex/latex/oberdiek/epstopdf.sty
Package: epstopdf 2016/05/15 v2.6 Conversion with epstopdf on the fly (HO)

(/usr/local/texlive/2017/texmf-dist/tex/latex/oberdiek/epstopdf-base.sty
Package: epstopdf-base 2016/05/15 v2.6 Base part for package epstopdf

(/usr/local/texlive/2017/texmf-dist/tex/latex/oberdiek/grfext.sty
Package: grfext 2016/05/16 v1.2 Manage graphics extensions (HO)

(/usr/local/texlive/2017/texmf-dist/tex/generic/oberdiek/kvdefinekeys.sty
Package: kvdefinekeys 2016/05/16 v1.4 Define keys (HO)
))
(/usr/local/texlive/2017/texmf-dist/tex/latex/oberdiek/kvoptions.sty
Package: kvoptions 2016/05/16 v3.12 Key value format for package options (HO)

(/usr/local/texlive/2017/texmf-dist/tex/generic/oberdiek/kvsetkeys.sty
Package: kvsetkeys 2016/05/16 v1.17 Key value parser (HO)

(/usr/local/texlive/2017/texmf-dist/tex/generic/oberdiek/etexcmds.sty
Package: etexcmds 2016/05/16 v1.6 Avoid name clashes with e-TeX commands (HO)

(/usr/local/texlive/2017/texmf-dist/tex/generic/oberdiek/ifluatex.sty
Package: ifluatex 2016/05/16 v1.4 Provides the ifluatex switch (HO)
Package ifluatex Info: LuaTeX not detected.
)
Package etexcmds Info: Could not find \expanded.
(etexcmds)             That can mean that you are not using pdfTeX 1.50 or
(etexcmds)             that some package has redefined \expanded.
(etexcmds)             In the latter case, load this package earlier.
)))
(/usr/local/texlive/2017/texmf-dist/tex/generic/oberdiek/pdftexcmds.sty
Package: pdftexcmds 2017/03/19 v0.25 Utility functions of pdfTeX for LuaTeX (HO
)
Package pdftexcmds Info: LuaTeX not detected.
Package pdftexcmds Info: \pdf@primitive is available.
Package pdftexcmds Info: \pdf@ifprimitive is available.
Package pdftexcmds Info: \pdfdraftmode found.
)
Package epstopdf-base Info: Redefining graphics rule for `.eps' on input line 4
38.
Package grfext Info: Graphics extension search list:
(grfext)             [.jpg,.pdf,.png,.eps]
(grfext)             \AppendGraphicsExtensions on input line 456.

(/usr/local/texlive/2017/texmf-dist/tex/latex/latexconfig/epstopdf-sys.cfg
File: epstopdf-sys.cfg 2010/07/13 v1.3 Configuration of (r)epstopdf for TeX Liv
e
)))
(./chapter5.aux)
\openout1 = `chapter5.aux'.

LaTeX Font Info:    Checking defaults for OML/cmm/m/it on input line 13.
LaTeX Font Info:    ... okay on input line 13.
LaTeX Font Info:    Checking defaults for T1/cmr/m/n on input line 13.
LaTeX Font Info:    ... okay on input line 13.
LaTeX Font Info:    Checking defaults for OT1/cmr/m/n on input line 13.
LaTeX Font Info:    ... okay on input line 13.
LaTeX Font Info:    Checking defaults for OMS/cmsy/m/n on input line 13.
LaTeX Font Info:    ... okay on input line 13.
LaTeX Font Info:    Checking defaults for OMX/cmex/m/n on input line 13.
LaTeX Font Info:    ... okay on input line 13.
LaTeX Font Info:    Checking defaults for U/cmr/m/n on input line 13.
LaTeX Font Info:    ... okay on input line 13.
Package caption Info: Begin \AtBeginDocument code.
Package caption Info: Incompatible package detected (regarding \@caption).
(caption)             \@caption = \long macro:#1[#2]#3->\par \addcontentsline {
\csname ext@#1\endcsname }{#1}{\protect \numberline {\csname the#1\endcsname .}
{\ignorespaces #2}}\begingroup \@parboxrestore \normalsize \@makecaption {{\csn
ame fnum@#1\endcsname }}{{\ignorespaces #3}} \endgroup .


Package caption Warning: \caption will not be redefined since it's already
(caption)                redefined by a document class or package which is
(caption)                unknown to the caption package.
See the caption package documentation for explanation.

Package caption Info: float package is loaded.
Package caption Info: listings package is loaded.
Package caption Info: threeparttable package is loaded.
Package caption Info: End \AtBeginDocument code.
*geometry* driver: auto-detecting
*geometry* detected driver: pdftex
*geometry* verbose mode - [ preamble ] result:
* driver: pdftex
* paper: letterpaper
* layout: <same size as paper>
* layoutoffset:(h,v)=(0.0pt,0.0pt)
* modes: 
* h-part:(L,W,R)=(90.3375pt, 433.62001pt, 90.3375pt)
* v-part:(T,H,B)=(72.26999pt, 632.3625pt, 90.3375pt)
* \paperwidth=614.295pt
* \paperheight=794.96999pt
* \textwidth=433.62001pt
* \textheight=632.3625pt
* \oddsidemargin=18.0675pt
* \evensidemargin=18.0675pt
* \topmargin=-31.8738pt
* \headheight=12.0pt
* \headsep=19.8738pt
* \topskip=12.0pt
* \footskip=30.0pt
* \marginparwidth=47.0pt
* \marginparsep=7.0pt
* \columnsep=10.0pt
* \skip\footins=10.8pt plus 4.0pt minus 2.0pt
* \hoffset=0.0pt
* \voffset=0.0pt
* \mag=1000
* \@twocolumnfalse
* \@twosidefalse
* \@mparswitchfalse
* \@reversemarginfalse
* (1in=72.27pt=25.4mm, 1cm=28.453pt)

\c@lstlisting=\count131
(/usr/local/texlive/2017/texmf-dist/tex/context/base/mkii/supp-pdf.mkii
[Loading MPS to PDF converter (version 2006.09.02).]
\scratchcounter=\count132
\scratchdimen=\dimen160
\scratchbox=\box40
\nofMPsegments=\count133
\nofMParguments=\count134
\everyMPshowfont=\toks33
\MPscratchCnt=\count135
\MPscratchDim=\dimen161
\MPnumerator=\count136
\makeMPintoPDFobject=\count137
\everyMPtoPDFconversion=\toks34
)
Chapter I.
LaTeX Font Info:    Try loading font information for U+msa on input line 41.
(/usr/local/texlive/2017/texmf-dist/tex/latex/amsfonts/umsa.fd
File: umsa.fd 2013/01/14 v3.01 AMS symbols A
)
LaTeX Font Info:    Try loading font information for U+msb on input line 41.

(/usr/local/texlive/2017/texmf-dist/tex/latex/amsfonts/umsb.fd
File: umsb.fd 2013/01/14 v3.01 AMS symbols B
)
Package acronym Info: Label `acro:CITIoT' newly defined as it shall be overridd
en
although it is yet undefined on input line 44.


Package acronym Warning: Acronym `CITIoT' is not defined on input line 44.


Package acronym Warning: Acronym `CITIoT' is not defined on input line 44.

Package acronym Info: Label `acro:BLE' newly defined as it shall be overridden
although it is yet undefined on input line 44.

Package acronym Warning: Acronym `CITIoT' is not defined on input line 44.


Package acronym Warning: Acronym `CITIoT' is not defined on input line 44.


Package acronym Warning: Acronym `CITIoT' is not defined on input line 44.

Package acronym Info: Label `acro:PT' newly defined as it shall be overridden
although it is yet undefined on input line 44.

Package acronym Warning: Acronym `PT' is not defined on input line 44.


Package acronym Warning: Acronym `PT' is not defined on input line 44.

Package acronym Info: Label `acro:HDU' newly defined as it shall be overridden
although it is yet undefined on input line 44.

Package acronym Warning: Acronym `HDU' is not defined on input line 44.


Package acronym Warning: Acronym `HDU' is not defined on input line 44.


Package acronym Warning: Acronym `CITIoT' is not defined on input line 47.

Package acronym Info: Label `acro:SHAA' newly defined as it shall be overridden

although it is yet undefined on input line 47.

Package acronym Warning: Acronym `SHAA' is not defined on input line 47.


Package acronym Warning: Acronym `SHAA' is not defined on input line 47.

Package acronym Info: Label `acro:DCSR' newly defined as it shall be overridden

although it is yet undefined on input line 47.

Package acronym Warning: Acronym `DCSR' is not defined on input line 47.


Package acronym Warning: Acronym `DCSR' is not defined on input line 47.

Package acronym Info: Label `acro:EISR' newly defined as it shall be overridden

although it is yet undefined on input line 47.

Package acronym Warning: Acronym `EISR' is not defined on input line 47.


Package acronym Warning: Acronym `EISR' is not defined on input line 47.

Package acronym Info: Label `acro:EIFP' newly defined as it shall be overridden

although it is yet undefined on input line 47.

Package acronym Warning: Acronym `EIFP' is not defined on input line 47.


Package acronym Warning: Acronym `EIFP' is not defined on input line 47.

Package acronym Info: Label `acro:EIFN' newly defined as it shall be overridden

although it is yet undefined on input line 47.

Package acronym Warning: Acronym `EIFN' is not defined on input line 47.


Package acronym Warning: Acronym `EIFN' is not defined on input line 47.

Package acronym Info: Label `acro:ULSR' newly defined as it shall be overridden

although it is yet undefined on input line 47.

Package acronym Warning: Acronym `ULSR' is not defined on input line 47.


Package acronym Warning: Acronym `ULSR' is not defined on input line 47.


LaTeX Warning: Reference `' on page 1 undefined on input line 47.


Package acronym Warning: Acronym `CITIoT' is not defined on input line 47.


LaTeX Warning: Reference `' on page 1 undefined on input line 49.


LaTeX Warning: Reference `' on page 1 undefined on input line 49.


LaTeX Warning: Reference `' on page 1 undefined on input line 49.


LaTeX Warning: Reference `' on page 1 undefined on input line 49.


LaTeX Warning: Reference `' on page 1 undefined on input line 49.


LaTeX Warning: Reference `' on page 1 undefined on input line 49.


LaTeX Warning: Reference `' on page 1 undefined on input line 49.

Package acronym Info: Label `acro:MIoTL' newly defined as it shall be overridde
n
although it is yet undefined on input line 49.

Package acronym Warning: Acronym `MIoTL' is not defined on input line 49.


Package acronym Warning: Acronym `MIoTL' is not defined on input line 49.


Package acronym Warning: Acronym `MIoTL' is not defined on input line 49.


LaTeX Warning: Reference `' on page 1 undefined on input line 49.


LaTeX Warning: Reference `' on page 1 undefined on input line 49.


Package acronym Warning: Acronym `CITIoT' is not defined on input line 49.


Package acronym Warning: Acronym `ULSR' is not defined on input line 49.

[1



{/usr/local/texlive/2017/texmf-var/fonts/map/pdftex/updmap/pdftex.map}]

Package acronym Warning: Acronym `DCSR' is not defined on input line 58.


Package acronym Warning: Acronym `DCSR' is not defined on input line 59.


Package acronym Warning: Acronym `CITIoT' is not defined on input line 59.


Package acronym Warning: Acronym `SHAA' is not defined on input line 59.


LaTeX Warning: Reference `' on page 2 undefined on input line 59.


LaTeX Warning: Reference `' on page 2 undefined on input line 59.


Package acronym Warning: Acronym `CITIoT' is not defined on input line 59.

Package acronym Info: Label `acro:MAC' newly defined as it shall be overridden
although it is yet undefined on input line 59.
Package acronym Info: Label `acro:IoT' newly defined as it shall be overridden
although it is yet undefined on input line 59.

Package acronym Warning: Acronym `SHAA' is not defined on input line 59.


Package acronym Warning: Acronym `MIoTL' is not defined on input line 59.


Package acronym Warning: Acronym `CITIoT' is not defined on input line 59.


Package acronym Warning: Acronym `MIoTL' is not defined on input line 59.


Package acronym Warning: Acronym `CITIoT' is not defined on input line 59.

[2]

Package acronym Warning: Acronym `EISR' is not defined on input line 63.


Package acronym Warning: Acronym `EISR' is not defined on input line 64.


Package acronym Warning: Acronym `CITIoT' is not defined on input line 64.


Package acronym Warning: Acronym `SHAA' is not defined on input line 64.


LaTeX Warning: Reference `' on page 3 undefined on input line 64.


Package acronym Warning: Acronym `EISR' is not defined on input line 64.


LaTeX Warning: Reference `' on page 3 undefined on input line 64.


Package acronym Warning: Acronym `CITIoT' is not defined on input line 64.


Package acronym Warning: Acronym `EISR' is not defined on input line 64.


Package acronym Warning: Acronym `CITIoT' is not defined on input line 64.


Package acronym Warning: Acronym `EISR' is not defined on input line 64.


Package acronym Warning: Acronym `EISR' is not defined on input line 64.


Package acronym Warning: Acronym `EISR' is not defined on input line 64.


LaTeX Warning: Reference `' on page 3 undefined on input line 64.


Package acronym Warning: Acronym `EISR' is not defined on input line 64.


Package acronym Warning: Acronym `MIoTL' is not defined on input line 64.


Package acronym Warning: Acronym `CITIoT' is not defined on input line 64.

[3]

Package acronym Warning: Acronym `EIFP' is not defined on input line 68.


Package acronym Warning: Acronym `EIFP' is not defined on input line 69.


Package acronym Warning: Acronym `CITIoT' is not defined on input line 69.


Package acronym Warning: Acronym `SHAA' is not defined on input line 69.


LaTeX Warning: Reference `' on page 4 undefined on input line 69.


Package acronym Warning: Acronym `EIFP' is not defined on input line 69.


LaTeX Warning: Reference `' on page 4 undefined on input line 69.


Package acronym Warning: Acronym `CITIoT' is not defined on input line 71.


Package acronym Warning: Acronym `EIFP' is not defined on input line 71.


Package acronym Warning: Acronym `CITIoT' is not defined on input line 71.


Package acronym Warning: Acronym `CITIoT' is not defined on input line 71.


Package acronym Warning: Acronym `EIFP' is not defined on input line 73.


Package acronym Warning: Acronym `CITIoT' is not defined on input line 73.


Package acronym Warning: Acronym `CITIoT' is not defined on input line 73.


Package acronym Warning: Acronym `EIFP' is not defined on input line 73.

[4]

Package acronym Warning: Acronym `EIFP' is not defined on input line 75.


Package acronym Warning: Acronym `CITIoT' is not defined on input line 75.


Package acronym Warning: Acronym `EIFP' is not defined on input line 75.


LaTeX Warning: Reference `' on page 5 undefined on input line 75.


Package acronym Warning: Acronym `EIFP' is not defined on input line 75.


Package acronym Warning: Acronym `CITIoT' is not defined on input line 75.


Package acronym Warning: Acronym `EIFP' is not defined on input line 75.


Package acronym Warning: Acronym `EIFP' is not defined on input line 75.


Package acronym Warning: Acronym `CITIoT' is not defined on input line 75.


Package acronym Warning: Acronym `EIFN' is not defined on input line 79.


Package acronym Warning: Acronym `EIFN' is not defined on input line 80.


Package acronym Warning: Acronym `CITIoT' is not defined on input line 80.


Package acronym Warning: Acronym `SHAA' is not defined on input line 80.


LaTeX Warning: Reference `' on page 5 undefined on input line 80.


Package acronym Warning: Acronym `EIFN' is not defined on input line 80.


LaTeX Warning: Reference `' on page 5 undefined on input line 80.


Package acronym Warning: Acronym `CITIoT' is not defined on input line 82.


Package acronym Warning: Acronym `EIFN' is not defined on input line 82.

[5]

Package acronym Warning: Acronym `EIFN' is not defined on input line 84.


Package acronym Warning: Acronym `EIFN' is not defined on input line 86.


Package acronym Warning: Acronym `CITIoT' is not defined on input line 86.


Package acronym Warning: Acronym `EIFN' is not defined on input line 86.


LaTeX Warning: Reference `' on page 6 undefined on input line 86.


Package acronym Warning: Acronym `EIFN' is not defined on input line 86.


Package acronym Warning: Acronym `CITIoT' is not defined on input line 86.


Package acronym Warning: Acronym `ULSR' is not defined on input line 90.


Package acronym Warning: Acronym `ULSR' is not defined on input line 91.


Package acronym Warning: Acronym `CITIoT' is not defined on input line 91.


Package acronym Warning: Acronym `ULSR' is not defined on input line 91.

Package acronym Info: Label `acro:AP' newly defined as it shall be overridden
although it is yet undefined on input line 91.
[6]

Package acronym Warning: Acronym `CITIoT' is not defined on input line 96.


Package acronym Warning: Acronym `SHAA' is not defined on input line 96.


Package acronym Warning: Acronym `PT' is not defined on input line 96.


Package acronym Warning: Acronym `HDU' is not defined on input line 96.


Package acronym Warning: Acronym `CITIoT' is not defined on input line 96.


Package acronym Warning: Acronym `PT' is not defined on input line 98.


Package acronym Warning: Acronym `PT' is not defined on input line 99.


Package acronym Warning: Acronym `CITIoT' is not defined on input line 99.


Package acronym Warning: Acronym `PT' is not defined on input line 99.


Package acronym Warning: Acronym `PT' is not defined on input line 99.


Package acronym Warning: Acronym `CITIoT' is not defined on input line 99.

Package acronym Info: Label `acro:NPT' newly defined as it shall be overridden
although it is yet undefined on input line 99.

Package acronym Warning: Acronym `NPT' is not defined on input line 99.


Package acronym Warning: Acronym `NPT' is not defined on input line 99.


LaTeX Warning: Reference `' on page 7 undefined on input line 99.


Package acronym Warning: Acronym `NPT' is not defined on input line 99.


Package acronym Warning: Acronym `CITIoT' is not defined on input line 99.


Package acronym Warning: Acronym `NPT' is not defined on input line 101.


Package acronym Warning: Acronym `CITIoT' is not defined on input line 101.


Package acronym Warning: Acronym `NPT' is not defined on input line 101.

[7]

Package acronym Warning: Acronym `NPT' is not defined on input line 103.


Package acronym Warning: Acronym `CITIoT' is not defined on input line 103.


Package acronym Warning: Acronym `NPT' is not defined on input line 103.


Package acronym Warning: Acronym `NPT' is not defined on input line 105.


Package acronym Warning: Acronym `CITIoT' is not defined on input line 105.


Package acronym Warning: Acronym `NPT' is not defined on input line 105.


Package acronym Warning: Acronym `HDU' is not defined on input line 107.


Package todo Warning: Nothing \todo! I'm ignoring the \todos command on input l
ine 113.

[8] (./chapter5.bbl

LaTeX Warning: Empty `thebibliography' environment on input line 3.

) [9


] (./chapter5.aux)

LaTeX Warning: There were undefined references.

 ) 
Here is how much of TeX's memory you used:
 7423 strings out of 492995
 107571 string characters out of 6132704
 209198 words of memory out of 5000000
 10827 multiletter control sequences out of 15000+600000
 9197 words of font info for 35 fonts, out of 8000000 for 9000
 1141 hyphenation exceptions out of 8191
 43i,6n,40p,1678b,219s stack positions out of 5000i,500n,10000p,200000b,80000s
</usr/local/texlive/2017/texmf-dist/fonts/type1/public/amsfonts/cm/cmbx12.pfb
></usr/local/texlive/2017/texmf-dist/fonts/type1/public/amsfonts/cm/cmr12.pfb><
/usr/local/texlive/2017/texmf-dist/fonts/type1/public/amsfonts/cm/cmsy10.pfb>
Output written on chapter5.pdf (9 pages, 60112 bytes).
PDF statistics:
 46 PDF objects out of 1000 (max. 8388607)
 31 compressed objects within 1 object stream
 0 named destinations out of 1000 (max. 500000)
 1 words of extra memory for PDF output out of 10000 (max. 10000000)

