This is pdfTeX, Version 3.14159265-2.6-1.40.17 (TeX Live 2016) (preloaded format=pdflatex 2016.5.22)  5 SEP 2017 11:27
entering extended mode
 restricted \write18 enabled.
 %&-line parsing enabled.
**iccws.tex
(./iccws.tex
LaTeX2e <2016/03/31>
Babel <3.9r> and hyphenation patterns for 83 language(s) loaded.
(/usr/local/texlive/2016/texmf-dist/tex/latex/base/book.cls
Document Class: book 2014/09/29 v1.4h Standard LaTeX document class
(/usr/local/texlive/2016/texmf-dist/tex/latex/base/bk12.clo
File: bk12.clo 2014/09/29 v1.4h Standard LaTeX file (size option)
)
\c@part=\count79
\c@chapter=\count80
\c@section=\count81
\c@subsection=\count82
\c@subsubsection=\count83
\c@paragraph=\count84
\c@subparagraph=\count85
\c@figure=\count86
\c@table=\count87
\abovecaptionskip=\skip41
\belowcaptionskip=\skip42
\bibindent=\dimen102
)
(../../afitStyleFiles/afitThesis.sty

LaTeX Warning: You have requested package `../../afitStyleFiles/afitThesis',
               but the package provides `afitThesis'.

Package: afitThesis 
(/usr/local/texlive/2016/texmf-dist/tex/latex/caption/caption.sty
Package: caption 2016/02/21 v3.3-144 Customizing captions (AR)

(/usr/local/texlive/2016/texmf-dist/tex/latex/caption/caption3.sty
Package: caption3 2016/02/04 v1.7-139 caption3 kernel (AR)
Package caption3 Info: TeX engine: e-TeX on input line 67.

(/usr/local/texlive/2016/texmf-dist/tex/latex/graphics/keyval.sty
Package: keyval 2014/10/28 v1.15 key=value parser (DPC)
\KV@toks@=\toks14
)
\captionmargin=\dimen103
\captionmargin@=\dimen104
\captionwidth=\dimen105
\caption@tempdima=\dimen106
\caption@indent=\dimen107
\caption@parindent=\dimen108
\caption@hangindent=\dimen109
)
\c@ContinuedFloat=\count88
)
(/usr/local/texlive/2016/texmf-dist/tex/latex/geometry/geometry.sty
Package: geometry 2010/09/12 v5.6 Page Geometry

(/usr/local/texlive/2016/texmf-dist/tex/generic/oberdiek/ifpdf.sty
Package: ifpdf 2016/05/14 v3.1 Provides the ifpdf switch
)
(/usr/local/texlive/2016/texmf-dist/tex/generic/oberdiek/ifvtex.sty
Package: ifvtex 2016/05/16 v1.6 Detect VTeX and its facilities (HO)
Package ifvtex Info: VTeX not detected.
)
(/usr/local/texlive/2016/texmf-dist/tex/generic/ifxetex/ifxetex.sty
Package: ifxetex 2010/09/12 v0.6 Provides ifxetex conditional
)
\Gm@cnth=\count89
\Gm@cntv=\count90
\c@Gm@tempcnt=\count91
\Gm@bindingoffset=\dimen110
\Gm@wd@mp=\dimen111
\Gm@odd@mp=\dimen112
\Gm@even@mp=\dimen113
\Gm@layoutwidth=\dimen114
\Gm@layoutheight=\dimen115
\Gm@layouthoffset=\dimen116
\Gm@layoutvoffset=\dimen117
\Gm@dimlist=\toks15
)
(/usr/local/texlive/2016/texmf-dist/tex/latex/setspace/setspace.sty
Package: setspace 2011/12/19 v6.7a set line spacing
)
(/usr/local/texlive/2016/texmf-dist/tex/latex/tools/indentfirst.sty
Package: indentfirst 1995/11/23 v1.03 Indent first paragraph (DPC)
)
(/usr/local/texlive/2016/texmf-dist/tex/latex/float/float.sty
Package: float 2001/11/08 v1.3d Float enhancements (AL)
\c@float@type=\count92
\float@exts=\toks16
\float@box=\box26
\@float@everytoks=\toks17
\@floatcapt=\box27
)
(/usr/local/texlive/2016/texmf-dist/tex/latex/base/flafter.sty
Package: flafter 2015/09/05 v1.3a Standard LaTeX floats after reference (FMi)
Applying: [2015/01/01] float order in 2-column on input line 49.
Already applied: [0000/00/00] float order in 2-column on input line 151.
)
(/usr/local/texlive/2016/texmf-dist/tex/latex/amsfonts/amssymb.sty
Package: amssymb 2013/01/14 v3.01 AMS font symbols

(/usr/local/texlive/2016/texmf-dist/tex/latex/amsfonts/amsfonts.sty
Package: amsfonts 2013/01/14 v3.01 Basic AMSFonts support
\@emptytoks=\toks18
\symAMSa=\mathgroup4
\symAMSb=\mathgroup5
LaTeX Font Info:    Overwriting math alphabet `\mathfrak' in version `bold'
(Font)                  U/euf/m/n --> U/euf/b/n on input line 106.
))
(/usr/local/texlive/2016/texmf-dist/tex/latex/amsmath/amsmath.sty
Package: amsmath 2016/03/10 v2.15b AMS math features
\@mathmargin=\skip43

For additional information on amsmath, use the `?' option.
(/usr/local/texlive/2016/texmf-dist/tex/latex/amsmath/amstext.sty
Package: amstext 2000/06/29 v2.01 AMS text

(/usr/local/texlive/2016/texmf-dist/tex/latex/amsmath/amsgen.sty
File: amsgen.sty 1999/11/30 v2.0 generic functions
\@emptytoks=\toks19
\ex@=\dimen118
))
(/usr/local/texlive/2016/texmf-dist/tex/latex/amsmath/amsbsy.sty
Package: amsbsy 1999/11/29 v1.2d Bold Symbols
\pmbraise@=\dimen119
)
(/usr/local/texlive/2016/texmf-dist/tex/latex/amsmath/amsopn.sty
Package: amsopn 2016/03/08 v2.02 operator names
)
\inf@bad=\count93
LaTeX Info: Redefining \frac on input line 199.
\uproot@=\count94
\leftroot@=\count95
LaTeX Info: Redefining \overline on input line 297.
\classnum@=\count96
\DOTSCASE@=\count97
LaTeX Info: Redefining \ldots on input line 394.
LaTeX Info: Redefining \dots on input line 397.
LaTeX Info: Redefining \cdots on input line 518.
\Mathstrutbox@=\box28
\strutbox@=\box29
\big@size=\dimen120
LaTeX Font Info:    Redeclaring font encoding OML on input line 634.
LaTeX Font Info:    Redeclaring font encoding OMS on input line 635.
\macc@depth=\count98
\c@MaxMatrixCols=\count99
\dotsspace@=\muskip10
\c@parentequation=\count100
\dspbrk@lvl=\count101
\tag@help=\toks20
\row@=\count102
\column@=\count103
\maxfields@=\count104
\andhelp@=\toks21
\eqnshift@=\dimen121
\alignsep@=\dimen122
\tagshift@=\dimen123
\tagwidth@=\dimen124
\totwidth@=\dimen125
\lineht@=\dimen126
\@envbody=\toks22
\multlinegap=\skip44
\multlinetaggap=\skip45
\mathdisplay@stack=\toks23
LaTeX Info: Redefining \[ on input line 2739.
LaTeX Info: Redefining \] on input line 2740.
)
(/usr/local/texlive/2016/texmf-dist/tex/latex/tools/theorem.sty
Package: theorem 2014/10/28 v2.2c Theorem extension package (FMi)
\theorem@style=\toks24
\theorem@bodyfont=\toks25
\theorempreskipamount=\skip46
\theorempostskipamount=\skip47

(/usr/local/texlive/2016/texmf-dist/tex/latex/tools/thp.sty
File: thp.sty 2014/10/28 v2.2c Theorem extension package (FMi)
))
(/usr/local/texlive/2016/texmf-dist/tex/latex/tools/varioref.sty
Package: varioref 2016/02/16 v1.5c package for extended references (FMi)
\c@vrcnt=\count105
)
(/usr/local/texlive/2016/texmf-dist/tex/latex/tocbibind/tocbibind.sty
Package: tocbibind 2010/10/13 v1.5k extra ToC listings
Package tocbibind Info: The document has chapter divisions on input line 50.


Package tocbibind Note: Using chapter style headings, unless overridden.

) (/usr/local/texlive/2016/texmf-dist/tex/latex/listings/listings.sty
\lst@mode=\count106
\lst@gtempboxa=\box30
\lst@token=\toks26
\lst@length=\count107
\lst@currlwidth=\dimen127
\lst@column=\count108
\lst@pos=\count109
\lst@lostspace=\dimen128
\lst@width=\dimen129
\lst@newlines=\count110
\lst@lineno=\count111
\lst@maxwidth=\dimen130

(/usr/local/texlive/2016/texmf-dist/tex/latex/listings/lstmisc.sty
File: lstmisc.sty 2015/06/04 1.6 (Carsten Heinz)
\c@lstnumber=\count112
\lst@skipnumbers=\count113
\lst@framebox=\box31
)
(/usr/local/texlive/2016/texmf-dist/tex/latex/listings/listings.cfg
File: listings.cfg 2015/06/04 1.6 listings configuration
))
Package: listings 2015/06/04 1.6 (Carsten Heinz)

(/usr/local/texlive/2016/texmf-dist/tex/latex/tools/xspace.sty
Package: xspace 2014/10/28 v1.13 Space after command names (DPC,MH)
)
(/usr/local/texlive/2016/texmf-dist/tex/latex/base/fixltx2e.sty
Package: fixltx2e 2015/06/22 v2.0b fixes to LaTeX (obsolete)


Package fixltx2e Warning: fixltx2e is not required with releases after 2015
(fixltx2e)                All fixes are now in the LaTeX kernel.
(fixltx2e)                See the latexrelease package for details.

)
(/usr/local/texlive/2016/texmf-dist/tex/latex/threeparttable/threeparttable.sty
Package: threeparttable 2003/06/13  v 3.0
\@tempboxb=\box32
) (/usr/local/texlive/2016/texmf-dist/tex/latex/booktabs/booktabs.sty
Package: booktabs 2016/04/27 v1.618033 publication quality tables
\heavyrulewidth=\dimen131
\lightrulewidth=\dimen132
\cmidrulewidth=\dimen133
\belowrulesep=\dimen134
\belowbottomsep=\dimen135
\aboverulesep=\dimen136
\abovetopsep=\dimen137
\cmidrulesep=\dimen138
\cmidrulekern=\dimen139
\defaultaddspace=\dimen140
\@cmidla=\count114
\@cmidlb=\count115
\@aboverulesep=\dimen141
\@belowrulesep=\dimen142
\@thisruleclass=\count116
\@lastruleclass=\count117
\@thisrulewidth=\dimen143
)
(/usr/local/texlive/2016/texmf-dist/tex/latex/graphics/color.sty
Package: color 2016/05/09 v1.1c Standard LaTeX Color (DPC)

(/usr/local/texlive/2016/texmf-dist/tex/latex/graphics-cfg/color.cfg
File: color.cfg 2016/01/02 v1.6 sample color configuration
)
Package color Info: Driver file: pdftex.def on input line 144.

(/usr/local/texlive/2016/texmf-dist/tex/latex/pdftex-def/pdftex.def
File: pdftex.def 2011/05/27 v0.06d Graphics/color for pdfTeX

(/usr/local/texlive/2016/texmf-dist/tex/generic/oberdiek/infwarerr.sty
Package: infwarerr 2016/05/16 v1.4 Providing info/warning/error messages (HO)
)
(/usr/local/texlive/2016/texmf-dist/tex/generic/oberdiek/ltxcmds.sty
Package: ltxcmds 2016/05/16 v1.23 LaTeX kernel commands for general use (HO)
)
\Gread@gobject=\count118
))
(/usr/local/texlive/2016/texmf-dist/tex/latex/url/url.sty
\Urlmuskip=\muskip11
Package: url 2013/09/16  ver 3.4  Verb mode for urls, etc.
)
(/usr/local/texlive/2016/texmf-dist/tex/latex/graphics/graphicx.sty
Package: graphicx 2014/10/28 v1.0g Enhanced LaTeX Graphics (DPC,SPQR)

(/usr/local/texlive/2016/texmf-dist/tex/latex/graphics/graphics.sty
Package: graphics 2016/05/09 v1.0r Standard LaTeX Graphics (DPC,SPQR)

(/usr/local/texlive/2016/texmf-dist/tex/latex/graphics/trig.sty
Package: trig 2016/01/03 v1.10 sin cos tan (DPC)
)
(/usr/local/texlive/2016/texmf-dist/tex/latex/graphics-cfg/graphics.cfg
File: graphics.cfg 2016/01/02 v1.10 sample graphics configuration
)
Package graphics Info: Driver file: pdftex.def on input line 96.
)
\Gin@req@height=\dimen144
\Gin@req@width=\dimen145
)
\@indexfile=\write3
\openout3 = `iccws.idx'.


Writing index file iccws.idx
\c@com=\count119
\@tocboxa=\box33
\@tocboxb=\box34
) (/usr/local/texlive/2016/texmf-dist/tex/latex/acronym/acronym.sty
Package: acronym 2015/03/21 v1.41 Support for acronyms (Tobias Oetiker)

(/usr/local/texlive/2016/texmf-dist/tex/latex/bigfoot/suffix.sty
Package: suffix 2006/07/15 1.5a Variant command support
)
(/usr/local/texlive/2016/texmf-dist/tex/generic/xstring/xstring.sty
(/usr/local/texlive/2016/texmf-dist/tex/generic/xstring/xstring.tex
\@xs@message=\write4
\integerpart=\count120
\decimalpart=\count121
)
Package: xstring 2013/10/13  v1.7c  String manipulations (C Tellechea)
)
\AC@clearlist=\toks27
)
(/usr/local/texlive/2016/texmf-dist/tex/latex/todo/todo.sty
Package: todo 2010/03/31 v2.4142 To-do list (Federico Garcia)
\@todotoks=\toks28
\c@todo=\count122
)
(/usr/local/texlive/2016/texmf-dist/tex/latex/tabu/tabu.sty
Package: tabu 2011/02/26 v2.8 - flexible LaTeX tabulars (FC)

(/usr/local/texlive/2016/texmf-dist/tex/latex/tools/array.sty
Package: array 2014/10/28 v2.4c Tabular extension package (FMi)
\col@sep=\dimen146
\extrarowheight=\dimen147
\NC@list=\toks29
\extratabsurround=\skip48
\backup@length=\skip49
)
(/usr/local/texlive/2016/texmf-dist/tex/latex/varwidth/varwidth.sty
Package: varwidth 2009/03/30 ver 0.92;  Variable-width minipages
\@vwid@box=\box35
\sift@deathcycles=\count123
\@vwid@loff=\dimen148
\@vwid@roff=\dimen149
)
\c@taburow=\count124
\tabu@nbcols=\count125
\tabu@cnt=\count126
\tabu@Xcol=\count127
\tabu@alloc=\count128
\tabu@nested=\count129
\tabu@target=\dimen150
\tabu@spreadtarget=\dimen151
\tabu@naturalX=\dimen152
\tabucolX=\dimen153
\tabu@Xsum=\dimen154
\extrarowdepth=\dimen155
\abovetabulinesep=\dimen156
\belowtabulinesep=\dimen157
\tabustrutrule=\dimen158
\tabu@thebody=\toks30
\tabu@footnotes=\toks31
\tabu@box=\box36
\tabu@arstrutbox=\box37
\tabu@hleads=\box38
\tabu@vleads=\box39
\tabu@cellskip=\skip50
)
(/usr/local/texlive/2016/texmf-dist/tex/latex/makecell/makecell.sty
Package: makecell 2009/08/03 V0.1e Managing of Tab Column Heads and Cells
\rotheadsize=\dimen159
\c@nlinenum=\count130
\TeXr@lab=\toks32
)
(/usr/local/texlive/2016/texmf-dist/tex/latex/enumitem/enumitem.sty
Package: enumitem 2011/09/28 v3.5.2 Customized lists
\labelindent=\skip51
\enit@outerparindent=\dimen160
\enit@toks=\toks33
\enit@inbox=\box40
\enitdp@description=\count131
)
(../Preamble/myFigures.tex) (../Preamble/myTables.tex)
(../Preamble/titlePage.tex)
(/usr/local/texlive/2016/texmf-dist/tex/latex/oberdiek/epstopdf.sty
Package: epstopdf 2016/05/15 v2.6 Conversion with epstopdf on the fly (HO)

(/usr/local/texlive/2016/texmf-dist/tex/latex/oberdiek/epstopdf-base.sty
Package: epstopdf-base 2016/05/15 v2.6 Base part for package epstopdf

(/usr/local/texlive/2016/texmf-dist/tex/latex/oberdiek/grfext.sty
Package: grfext 2016/05/16 v1.2 Manage graphics extensions (HO)

(/usr/local/texlive/2016/texmf-dist/tex/generic/oberdiek/kvdefinekeys.sty
Package: kvdefinekeys 2016/05/16 v1.4 Define keys (HO)
))
(/usr/local/texlive/2016/texmf-dist/tex/latex/oberdiek/kvoptions.sty
Package: kvoptions 2016/05/16 v3.12 Key value format for package options (HO)

(/usr/local/texlive/2016/texmf-dist/tex/generic/oberdiek/kvsetkeys.sty
Package: kvsetkeys 2016/05/16 v1.17 Key value parser (HO)

(/usr/local/texlive/2016/texmf-dist/tex/generic/oberdiek/etexcmds.sty
Package: etexcmds 2016/05/16 v1.6 Avoid name clashes with e-TeX commands (HO)

(/usr/local/texlive/2016/texmf-dist/tex/generic/oberdiek/ifluatex.sty
Package: ifluatex 2016/05/16 v1.4 Provides the ifluatex switch (HO)
Package ifluatex Info: LuaTeX not detected.
)
Package etexcmds Info: Could not find \expanded.
(etexcmds)             That can mean that you are not using pdfTeX 1.50 or
(etexcmds)             that some package has redefined \expanded.
(etexcmds)             In the latter case, load this package earlier.
)))
(/usr/local/texlive/2016/texmf-dist/tex/generic/oberdiek/pdftexcmds.sty
Package: pdftexcmds 2016/05/10 v0.21 Utility functions of pdfTeX for LuaTeX (HO
)
Package pdftexcmds Info: LuaTeX not detected.
Package pdftexcmds Info: \pdf@primitive is available.
Package pdftexcmds Info: \pdf@ifprimitive is available.
Package pdftexcmds Info: \pdfdraftmode found.
)
Package grfext Info: Graphics extension search list:
(grfext)             [.jpg,.pdf,.png,.eps]
(grfext)             \AppendGraphicsExtensions on input line 456.

(/usr/local/texlive/2016/texmf-dist/tex/latex/latexconfig/epstopdf-sys.cfg
File: epstopdf-sys.cfg 2010/07/13 v1.3 Configuration of (r)epstopdf for TeX Liv
e
)))
(./iccws.aux)
\openout1 = `iccws.aux'.

LaTeX Font Info:    Checking defaults for OML/cmm/m/it on input line 15.
LaTeX Font Info:    ... okay on input line 15.
LaTeX Font Info:    Checking defaults for T1/cmr/m/n on input line 15.
LaTeX Font Info:    ... okay on input line 15.
LaTeX Font Info:    Checking defaults for OT1/cmr/m/n on input line 15.
LaTeX Font Info:    ... okay on input line 15.
LaTeX Font Info:    Checking defaults for OMS/cmsy/m/n on input line 15.
LaTeX Font Info:    ... okay on input line 15.
LaTeX Font Info:    Checking defaults for OMX/cmex/m/n on input line 15.
LaTeX Font Info:    ... okay on input line 15.
LaTeX Font Info:    Checking defaults for U/cmr/m/n on input line 15.
LaTeX Font Info:    ... okay on input line 15.
Package caption Info: Begin \AtBeginDocument code.
Package caption Info: Incompatible package detected (regarding \@caption).
(caption)             \@caption = \long macro:#1[#2]#3->\par \addcontentsline {
\csname ext@#1\endcsname }{#1}{\protect \numberline {\csname the#1\endcsname .}
{\ignorespaces #2}}\begingroup \@parboxrestore \normalsize \@makecaption {{\csn
ame fnum@#1\endcsname }}{{\ignorespaces #3}} \endgroup .


Package caption Warning: \caption will not be redefined since it's already
(caption)                redefined by a document class or package which is
(caption)                unknown to the caption package.
See the caption package documentation for explanation.

Package caption Info: float package is loaded.
Package caption Info: listings package is loaded.
Package caption Info: threeparttable package is loaded.
Package caption Info: End \AtBeginDocument code.
*geometry* driver: auto-detecting
*geometry* detected driver: pdftex
*geometry* verbose mode - [ preamble ] result:
* driver: pdftex
* paper: letterpaper
* layout: <same size as paper>
* layoutoffset:(h,v)=(0.0pt,0.0pt)
* modes: 
* h-part:(L,W,R)=(90.3375pt, 433.62001pt, 90.3375pt)
* v-part:(T,H,B)=(72.26999pt, 632.3625pt, 90.3375pt)
* \paperwidth=614.295pt
* \paperheight=794.96999pt
* \textwidth=433.62001pt
* \textheight=632.3625pt
* \oddsidemargin=18.0675pt
* \evensidemargin=18.0675pt
* \topmargin=-31.8738pt
* \headheight=12.0pt
* \headsep=19.8738pt
* \topskip=12.0pt
* \footskip=30.0pt
* \marginparwidth=47.0pt
* \marginparsep=7.0pt
* \columnsep=10.0pt
* \skip\footins=10.8pt plus 4.0pt minus 2.0pt
* \hoffset=0.0pt
* \voffset=0.0pt
* \mag=1000
* \@twocolumnfalse
* \@twosidefalse
* \@mparswitchfalse
* \@reversemarginfalse
* (1in=72.27pt=25.4mm, 1cm=28.453pt)

\c@lstlisting=\count132
(/usr/local/texlive/2016/texmf-dist/tex/context/base/mkii/supp-pdf.mkii
[Loading MPS to PDF converter (version 2006.09.02).]
\scratchcounter=\count133
\scratchdimen=\dimen161
\scratchbox=\box41
\nofMPsegments=\count134
\nofMParguments=\count135
\everyMPshowfont=\toks34
\MPscratchCnt=\count136
\MPscratchDim=\dimen162
\MPnumerator=\count137
\makeMPintoPDFobject=\count138
\everyMPtoPDFconversion=\toks35
) (./intro.tex
Package acronym Info: Label `acro:IoT' newly defined as it shall be overridden
although it is yet undefined on input line 1.
Package acronym Info: Label `acro:BLE' newly defined as it shall be overridden
although it is yet undefined on input line 1.
Package acronym Info: Label `acro:COTS' newly defined as it shall be overridden

although it is yet undefined on input line 5.
 [1


{/usr/local/texlive/2016/texmf-var/fonts/map/pdftex/updmap/pdftex.map}]) (./bac
kground.tex [2]
LaTeX Font Info:    Try loading font information for OMS+cmr on input line 4.

(/usr/local/texlive/2016/texmf-dist/tex/latex/base/omscmr.fd
File: omscmr.fd 2014/09/29 v2.5h Standard LaTeX font definitions
)
LaTeX Font Info:    Font shape `OMS/cmr/m/n' in size <12> not available
(Font)              Font shape `OMS/cmsy/m/n' tried instead on input line 4.
Package acronym Info: Label `acro:API' newly defined as it shall be overridden
although it is yet undefined on input line 6.
Package acronym Info: Label `acro:MPDU' newly defined as it shall be overridden

although it is yet undefined on input line 15.
Package acronym Info: Label `acro:MAC' newly defined as it shall be overridden
although it is yet undefined on input line 15.
Package acronym Info: Label `acro:RSSI' newly defined as it shall be overridden

although it is yet undefined on input line 15.
Package acronym Info: Label `acro:AP' newly defined as it shall be overridden
although it is yet undefined on input line 15.
 [3]
Package acronym Info: Label `acro:SIG' newly defined as it shall be overridden
although it is yet undefined on input line 19.
 [4]
Package epstopdf Info: Source file: <../../Figures/channelMap.eps>
(epstopdf)                    date: 2017-07-25 17:09:16
(epstopdf)                    size: 6959243 bytes
(epstopdf)             Output file: <./channelMap-eps-converted-to.pdf>
(epstopdf)                    date: 2017-08-29 07:00:41
(epstopdf)                    size: 25947 bytes
(epstopdf)             Command: <repstopdf --outfile=./channelMap-eps-converted
-to.pdf ../../Figures/channelMap.eps>
(epstopdf)             \includegraphics on input line 23.
Package epstopdf Info: Output file is already uptodate.

<./channelMap-eps-converted-to.pdf, id=19, 641.39626pt x 190.7125pt>
File: ./channelMap-eps-converted-to.pdf Graphic file (type pdf)

<use ./channelMap-eps-converted-to.pdf>
Package pdftex.def Info: ./channelMap-eps-converted-to.pdf used on input line 2
3.
(pdftex.def)             Requested size: 361.34999pt x 107.44429pt.
Package epstopdf Info: Source file: <../../Figures/activeScanning.eps>
(epstopdf)                    date: 2017-07-25 17:09:16
(epstopdf)                    size: 771398 bytes
(epstopdf)             Output file: <./activeScanning-eps-converted-to.pdf>
(epstopdf)                    date: 2017-08-29 07:00:41
(epstopdf)                    size: 23341 bytes
(epstopdf)             Command: <repstopdf --outfile=./activeScanning-eps-conve
rted-to.pdf ../../Figures/activeScanning.eps>
(epstopdf)             \includegraphics on input line 27.
Package epstopdf Info: Output file is already uptodate.

<./activeScanning-eps-converted-to.pdf, id=20, 448.67625pt x 182.6825pt>
File: ./activeScanning-eps-converted-to.pdf Graphic file (type pdf)

<use ./activeScanning-eps-converted-to.pdf>
Package pdftex.def Info: ./activeScanning-eps-converted-to.pdf used on input li
ne 27.
(pdftex.def)             Requested size: 289.07999pt x 117.70525pt.
 [5 <./channelMap-eps-converted-to.pdf>]
Package acronym Info: Label `acro:CE' newly defined as it shall be overridden
although it is yet undefined on input line 29.
) (./relatedWork.tex
Package acronym Info: Label `acro:CRM' newly defined as it shall be overridden
although it is yet undefined on input line 1.
) [6 <./activeScanning-eps-converted-to.pdf>]
(./smartHome.tex
<../../Figures/smartHomeArchitecture.png, id=46, 1479.5275pt x 860.21375pt>
File: ../../Figures/smartHomeArchitecture.png Graphic file (type png)

<use ../../Figures/smartHomeArchitecture.png>
Package pdftex.def Info: ../../Figures/smartHomeArchitecture.png used on input 
line 3.
(pdftex.def)             Requested size: 433.61229pt x 199.1707pt.


LaTeX Warning: `!h' float specifier changed to `!ht'.

LaTeX Font Info:    Try loading font information for U+msa on input line 7.
(/usr/local/texlive/2016/texmf-dist/tex/latex/amsfonts/umsa.fd
File: umsa.fd 2013/01/14 v3.01 AMS symbols A
)
LaTeX Font Info:    Try loading font information for U+msb on input line 7.

(/usr/local/texlive/2016/texmf-dist/tex/latex/amsfonts/umsb.fd
File: umsb.fd 2013/01/14 v3.01 AMS symbols B
) [7] [8 <../../Figures/smartHomeArchitecture.png>]
<../../Figures/accessPoint.png, id=57, 251.94125pt x 344.28625pt>
File: ../../Figures/accessPoint.png Graphic file (type png)

<use ../../Figures/accessPoint.png>
Package pdftex.def Info: ../../Figures/accessPoint.png used on input line 17.
(pdftex.def)             Requested size: 180.67499pt x 246.89827pt.
 [9 <../../Figures/accessPoint.png>])
(./methodology.tex [10]
<../../Figures/methodologyOverview.png, id=65, 1260.71pt x 707.64375pt>
File: ../../Figures/methodologyOverview.png Graphic file (type png)

<use ../../Figures/methodologyOverview.png>
Package pdftex.def Info: ../../Figures/methodologyOverview.png used on input li
ne 3.
(pdftex.def)             Requested size: 433.62pt x 243.3923pt.
Package acronym Info: Label `acro:SSID' newly defined as it shall be overridden

although it is yet undefined on input line 6.
 [11 <../../Figures/methodologyOverview.png>] <../../Figures/reconScanning.png,
 id=70, 622.325pt x 325.215pt>
File: ../../Figures/reconScanning.png Graphic file (type png)

<use ../../Figures/reconScanning.png>
Package pdftex.def Info: ../../Figures/reconScanning.png used on input line 8.
(pdftex.def)             Requested size: 361.34999pt x 188.83325pt.

<../../Figures/ouiSearch.png, id=71, 416.55624pt x 284.06125pt>
File: ../../Figures/ouiSearch.png Graphic file (type png)

<use ../../Figures/ouiSearch.png>
Package pdftex.def Info: ../../Figures/ouiSearch.png used on input line 9.
(pdftex.def)             Requested size: 216.81pt x 147.85138pt.
 [12 <../../Figures/reconScanning.png>]
<../../Figures/citiot.png, id=76, 818.05624pt x 479.7925pt>
File: ../../Figures/citiot.png Graphic file (type png)

<use ../../Figures/citiot.png>
Package pdftex.def Info: ../../Figures/citiot.png used on input line 13.
(pdftex.def)             Requested size: 361.34999pt x 211.93661pt.
 [13 <../../Figures/ouiSearch.png> <../../Figures/citiot.png>] <../../Figures/b
leSniffing.png, id=83, 1305.87875pt x 20.075pt>
File: ../../Figures/bleSniffing.png Graphic file (type png)

<use ../../Figures/bleSniffing.png>
Package pdftex.def Info: ../../Figures/bleSniffing.png used on input line 19.
(pdftex.def)             Requested size: 433.62pt x 6.6658pt.
Package acronym Info: Label `acro:BSSID' newly defined as it shall be overridde
n
although it is yet undefined on input line 21.

<../../Figures/wifiSniffing.png, id=84, 933.4875pt x 21.07875pt>
File: ../../Figures/wifiSniffing.png Graphic file (type png)

<use ../../Figures/wifiSniffing.png>
Package pdftex.def Info: ../../Figures/wifiSniffing.png used on input line 23.
(pdftex.def)             Requested size: 433.62pt x 9.79153pt.
Package acronym Info: Label `acro:FSize' newly defined as it shall be overridde
n
although it is yet undefined on input line 25.
Package acronym Info: Label `acro:CSV' newly defined as it shall be overridden
although it is yet undefined on input line 25.


LaTeX Warning: Reference `tab:DeviceID' on page 14 undefined on input line 29.

[14 <../../Figures/bleSniffing.png> <../../Figures/wifiSniffing.png>]
<../../Figures/deviceIdOutlet.png, id=90, 564.4287pt x 441.5697pt>
File: ../../Figures/deviceIdOutlet.png Graphic file (type png)

<use ../../Figures/deviceIdOutlet.png>
Package pdftex.def Info: ../../Figures/deviceIdOutlet.png used on input line 31
.
(pdftex.def)             Requested size: 216.81pt x 169.61743pt.

<../../Figures/deviceIdSensor.png, id=91, 564.4287pt x 441.5697pt>
File: ../../Figures/deviceIdSensor.png Graphic file (type png)

<use ../../Figures/deviceIdSensor.png>
Package pdftex.def Info: ../../Figures/deviceIdSensor.png used on input line 31
.
(pdftex.def)             Requested size: 216.81pt x 169.61743pt.

<../../Figures/deviceIdCamera.png, id=92, 564.4287pt x 441.5697pt>
File: ../../Figures/deviceIdCamera.png Graphic file (type png)

<use ../../Figures/deviceIdCamera.png>
Package pdftex.def Info: ../../Figures/deviceIdCamera.png used on input line 31
.
(pdftex.def)             Requested size: 216.81pt x 169.61743pt.
 [15]

LaTeX Warning: Reference `tab:EventID' on page 16 undefined on input line 39.

[16 <../../Figures/deviceIdOutlet.png> <../../Figures/deviceIdSensor.png> <../.
./Figures/deviceIdCamera.png>]) (./results.tex) (./synthesis.tex
Overfull \hbox (2.35196pt too wide) in paragraph at lines 4--7
[]\OT1/cmr/m/n/12 Periodically chang-ing MAC ad-dresses En-crypt-ing lower-laye
r data pack-ets Chaffing
 []

[17]) (./conclusion.tex) [18] (./iccws.bbl
Underfull \hbox (badness 2221) in paragraph at lines 8--13
\OT1/cmr/m/n/12 2017. [Last ac-cessed Au-gust 27, 2017], \OT1/cmr/m/it/12 https
://www.cta.tech/News/Press-
 []


Underfull \hbox (badness 10000) in paragraph at lines 8--13
\OT1/cmr/m/it/12 Releases/2016/January/Record-Year-Ahead-Consumer-Enthusiasm-fo
r-
 []


Underfull \hbox (badness 10000) in paragraph at lines 20--24
\OT1/cmr/m/it/12 https://www.bluetooth.com/specifications/adopted-specification
s/legacy-
 []

[19


]
Underfull \hbox (badness 3312) in paragraph at lines 82--87
[]\OT1/cmr/m/n/12 A. Rose and B. Ram-sey.  Pick-ing blue-tooth low en-ergy lock
s from
 []


Underfull \hbox (badness 5741) in paragraph at lines 82--87
\OT1/cmr/m/n/12 a quar-ter mile away.  2016.  pre-sented at DEF CON 24 \OT1/cmr
/m/it/12 (me-
 []

) [20] (./iccws.aux)

LaTeX Warning: There were undefined references.

 ) 
Here is how much of TeX's memory you used:
 7848 strings out of 493014
 115088 string characters out of 6133351
 208713 words of memory out of 5000000
 11188 multiletter control sequences out of 15000+600000
 10021 words of font info for 38 fonts, out of 8000000 for 9000
 1141 hyphenation exceptions out of 8191
 43i,17n,40p,1480b,363s stack positions out of 5000i,500n,10000p,200000b,80000s
</usr/local/texlive/2016/texmf-dist/fonts/type1/public/amsfonts/cm/cmbx10.pfb
></usr/local/texlive/2016/texmf-dist/fonts/type1/public/amsfonts/cm/cmbx12.pfb>
</usr/local/texlive/2016/texmf-dist/fonts/type1/public/amsfonts/cm/cmr12.pfb></
usr/local/texlive/2016/texmf-dist/fonts/type1/public/amsfonts/cm/cmr8.pfb></usr
/local/texlive/2016/texmf-dist/fonts/type1/public/amsfonts/cm/cmsy10.pfb></usr/
local/texlive/2016/texmf-dist/fonts/type1/public/amsfonts/cm/cmti12.pfb></usr/l
ocal/texlive/2016/texmf-dist/fonts/type1/public/amsfonts/cm/cmtt12.pfb>
Output written on iccws.pdf (20 pages, 1180234 bytes).
PDF statistics:
 140 PDF objects out of 1000 (max. 8388607)
 80 compressed objects within 1 object stream
 0 named destinations out of 1000 (max. 500000)
 66 words of extra memory for PDF output out of 10000 (max. 10000000)

