This is pdfTeX, Version 3.14159265-2.6-1.40.18 (TeX Live 2017) (preloaded format=pdflatex 2017.5.23)  27 DEC 2017 20:45
entering extended mode
 restricted \write18 enabled.
 %&-line parsing enabled.
**chapter3.tex
(./chapter3.tex
LaTeX2e <2017-04-15>
Babel <3.10> and hyphenation patterns for 84 language(s) loaded.
(/usr/local/texlive/2017/texmf-dist/tex/latex/base/book.cls
Document Class: book 2014/09/29 v1.4h Standard LaTeX document class
(/usr/local/texlive/2017/texmf-dist/tex/latex/base/bk12.clo
File: bk12.clo 2014/09/29 v1.4h Standard LaTeX file (size option)
)
\c@part=\count79
\c@chapter=\count80
\c@section=\count81
\c@subsection=\count82
\c@subsubsection=\count83
\c@paragraph=\count84
\c@subparagraph=\count85
\c@figure=\count86
\c@table=\count87
\abovecaptionskip=\skip41
\belowcaptionskip=\skip42
\bibindent=\dimen102
)
(../../afitStyleFiles/afitThesis.sty

LaTeX Warning: You have requested package `../../afitStyleFiles/afitThesis',
               but the package provides `afitThesis'.

Package: afitThesis 
(/usr/local/texlive/2017/texmf-dist/tex/latex/caption/caption.sty
Package: caption 2016/02/21 v3.3-144 Customizing captions (AR)

(/usr/local/texlive/2017/texmf-dist/tex/latex/caption/caption3.sty
Package: caption3 2016/05/22 v1.7-166 caption3 kernel (AR)
Package caption3 Info: TeX engine: e-TeX on input line 67.

(/usr/local/texlive/2017/texmf-dist/tex/latex/graphics/keyval.sty
Package: keyval 2014/10/28 v1.15 key=value parser (DPC)
\KV@toks@=\toks14
)
\captionmargin=\dimen103
\captionmargin@=\dimen104
\captionwidth=\dimen105
\caption@tempdima=\dimen106
\caption@indent=\dimen107
\caption@parindent=\dimen108
\caption@hangindent=\dimen109
)
\c@ContinuedFloat=\count88
)
(/usr/local/texlive/2017/texmf-dist/tex/latex/geometry/geometry.sty
Package: geometry 2010/09/12 v5.6 Page Geometry

(/usr/local/texlive/2017/texmf-dist/tex/generic/oberdiek/ifpdf.sty
Package: ifpdf 2017/03/15 v3.2 Provides the ifpdf switch
)
(/usr/local/texlive/2017/texmf-dist/tex/generic/oberdiek/ifvtex.sty
Package: ifvtex 2016/05/16 v1.6 Detect VTeX and its facilities (HO)
Package ifvtex Info: VTeX not detected.
)
(/usr/local/texlive/2017/texmf-dist/tex/generic/ifxetex/ifxetex.sty
Package: ifxetex 2010/09/12 v0.6 Provides ifxetex conditional
)
\Gm@cnth=\count89
\Gm@cntv=\count90
\c@Gm@tempcnt=\count91
\Gm@bindingoffset=\dimen110
\Gm@wd@mp=\dimen111
\Gm@odd@mp=\dimen112
\Gm@even@mp=\dimen113
\Gm@layoutwidth=\dimen114
\Gm@layoutheight=\dimen115
\Gm@layouthoffset=\dimen116
\Gm@layoutvoffset=\dimen117
\Gm@dimlist=\toks15
)
(/usr/local/texlive/2017/texmf-dist/tex/latex/setspace/setspace.sty
Package: setspace 2011/12/19 v6.7a set line spacing
)
(/usr/local/texlive/2017/texmf-dist/tex/latex/tools/indentfirst.sty
Package: indentfirst 1995/11/23 v1.03 Indent first paragraph (DPC)
)
(/usr/local/texlive/2017/texmf-dist/tex/latex/float/float.sty
Package: float 2001/11/08 v1.3d Float enhancements (AL)
\c@float@type=\count92
\float@exts=\toks16
\float@box=\box26
\@float@everytoks=\toks17
\@floatcapt=\box27
)
(/usr/local/texlive/2017/texmf-dist/tex/latex/base/flafter.sty
Package: flafter 2017/04/11 v1.4a Standard LaTeX floats after reference (FMi)
Applying: [2015/01/01] float order in 2-column on input line 49.
Already applied: [0000/00/00] float order in 2-column on input line 151.
)
(/usr/local/texlive/2017/texmf-dist/tex/latex/amsfonts/amssymb.sty
Package: amssymb 2013/01/14 v3.01 AMS font symbols

(/usr/local/texlive/2017/texmf-dist/tex/latex/amsfonts/amsfonts.sty
Package: amsfonts 2013/01/14 v3.01 Basic AMSFonts support
\@emptytoks=\toks18
\symAMSa=\mathgroup4
\symAMSb=\mathgroup5
LaTeX Font Info:    Overwriting math alphabet `\mathfrak' in version `bold'
(Font)                  U/euf/m/n --> U/euf/b/n on input line 106.
))
(/usr/local/texlive/2017/texmf-dist/tex/latex/amsmath/amsmath.sty
Package: amsmath 2016/11/05 v2.16a AMS math features
\@mathmargin=\skip43

For additional information on amsmath, use the `?' option.
(/usr/local/texlive/2017/texmf-dist/tex/latex/amsmath/amstext.sty
Package: amstext 2000/06/29 v2.01 AMS text

(/usr/local/texlive/2017/texmf-dist/tex/latex/amsmath/amsgen.sty
File: amsgen.sty 1999/11/30 v2.0 generic functions
\@emptytoks=\toks19
\ex@=\dimen118
))
(/usr/local/texlive/2017/texmf-dist/tex/latex/amsmath/amsbsy.sty
Package: amsbsy 1999/11/29 v1.2d Bold Symbols
\pmbraise@=\dimen119
)
(/usr/local/texlive/2017/texmf-dist/tex/latex/amsmath/amsopn.sty
Package: amsopn 2016/03/08 v2.02 operator names
)
\inf@bad=\count93
LaTeX Info: Redefining \frac on input line 213.
\uproot@=\count94
\leftroot@=\count95
LaTeX Info: Redefining \overline on input line 375.
\classnum@=\count96
\DOTSCASE@=\count97
LaTeX Info: Redefining \ldots on input line 472.
LaTeX Info: Redefining \dots on input line 475.
LaTeX Info: Redefining \cdots on input line 596.
\Mathstrutbox@=\box28
\strutbox@=\box29
\big@size=\dimen120
LaTeX Font Info:    Redeclaring font encoding OML on input line 712.
LaTeX Font Info:    Redeclaring font encoding OMS on input line 713.
\macc@depth=\count98
\c@MaxMatrixCols=\count99
\dotsspace@=\muskip10
\c@parentequation=\count100
\dspbrk@lvl=\count101
\tag@help=\toks20
\row@=\count102
\column@=\count103
\maxfields@=\count104
\andhelp@=\toks21
\eqnshift@=\dimen121
\alignsep@=\dimen122
\tagshift@=\dimen123
\tagwidth@=\dimen124
\totwidth@=\dimen125
\lineht@=\dimen126
\@envbody=\toks22
\multlinegap=\skip44
\multlinetaggap=\skip45
\mathdisplay@stack=\toks23
LaTeX Info: Redefining \[ on input line 2817.
LaTeX Info: Redefining \] on input line 2818.
)
(/usr/local/texlive/2017/texmf-dist/tex/latex/tools/theorem.sty
Package: theorem 2014/10/28 v2.2c Theorem extension package (FMi)
\theorem@style=\toks24
\theorem@bodyfont=\toks25
\theorempreskipamount=\skip46
\theorempostskipamount=\skip47

(/usr/local/texlive/2017/texmf-dist/tex/latex/tools/thp.sty
File: thp.sty 2014/10/28 v2.2c Theorem extension package (FMi)
))
(/usr/local/texlive/2017/texmf-dist/tex/latex/tools/varioref.sty
Package: varioref 2016/02/16 v1.5c package for extended references (FMi)
\c@vrcnt=\count105
)
(/usr/local/texlive/2017/texmf-dist/tex/latex/tocbibind/tocbibind.sty
Package: tocbibind 2010/10/13 v1.5k extra ToC listings
Package tocbibind Info: The document has chapter divisions on input line 50.


Package tocbibind Note: Using chapter style headings, unless overridden.

) (/usr/local/texlive/2017/texmf-dist/tex/latex/listings/listings.sty
\lst@mode=\count106
\lst@gtempboxa=\box30
\lst@token=\toks26
\lst@length=\count107
\lst@currlwidth=\dimen127
\lst@column=\count108
\lst@pos=\count109
\lst@lostspace=\dimen128
\lst@width=\dimen129
\lst@newlines=\count110
\lst@lineno=\count111
\lst@maxwidth=\dimen130

(/usr/local/texlive/2017/texmf-dist/tex/latex/listings/lstmisc.sty
File: lstmisc.sty 2015/06/04 1.6 (Carsten Heinz)
\c@lstnumber=\count112
\lst@skipnumbers=\count113
\lst@framebox=\box31
)
(/usr/local/texlive/2017/texmf-dist/tex/latex/listings/listings.cfg
File: listings.cfg 2015/06/04 1.6 listings configuration
))
Package: listings 2015/06/04 1.6 (Carsten Heinz)

(/usr/local/texlive/2017/texmf-dist/tex/latex/tools/xspace.sty
Package: xspace 2014/10/28 v1.13 Space after command names (DPC,MH)
)
(/usr/local/texlive/2017/texmf-dist/tex/latex/base/fixltx2e.sty
Package: fixltx2e 2016/12/29 v2.1a fixes to LaTeX (obsolete)
Applying: [2015/01/01] Old fixltx2e package on input line 46.


Package fixltx2e Warning: fixltx2e is not required with releases after 2015
(fixltx2e)                All fixes are now in the LaTeX kernel.
(fixltx2e)                See the latexrelease package for details.

Already applied: [0000/00/00] Old fixltx2e package on input line 53.
)
(/usr/local/texlive/2017/texmf-dist/tex/latex/threeparttable/threeparttable.sty
Package: threeparttable 2003/06/13  v 3.0
\@tempboxb=\box32
) (/usr/local/texlive/2017/texmf-dist/tex/latex/booktabs/booktabs.sty
Package: booktabs 2016/04/27 v1.618033 publication quality tables
\heavyrulewidth=\dimen131
\lightrulewidth=\dimen132
\cmidrulewidth=\dimen133
\belowrulesep=\dimen134
\belowbottomsep=\dimen135
\aboverulesep=\dimen136
\abovetopsep=\dimen137
\cmidrulesep=\dimen138
\cmidrulekern=\dimen139
\defaultaddspace=\dimen140
\@cmidla=\count114
\@cmidlb=\count115
\@aboverulesep=\dimen141
\@belowrulesep=\dimen142
\@thisruleclass=\count116
\@lastruleclass=\count117
\@thisrulewidth=\dimen143
)
(/usr/local/texlive/2017/texmf-dist/tex/latex/graphics/color.sty
Package: color 2016/07/10 v1.1e Standard LaTeX Color (DPC)

(/usr/local/texlive/2017/texmf-dist/tex/latex/graphics-cfg/color.cfg
File: color.cfg 2016/01/02 v1.6 sample color configuration
)
Package color Info: Driver file: pdftex.def on input line 147.

(/usr/local/texlive/2017/texmf-dist/tex/latex/graphics-def/pdftex.def
File: pdftex.def 2017/01/12 v0.06k Graphics/color for pdfTeX

(/usr/local/texlive/2017/texmf-dist/tex/generic/oberdiek/infwarerr.sty
Package: infwarerr 2016/05/16 v1.4 Providing info/warning/error messages (HO)
)
(/usr/local/texlive/2017/texmf-dist/tex/generic/oberdiek/ltxcmds.sty
Package: ltxcmds 2016/05/16 v1.23 LaTeX kernel commands for general use (HO)
)
\Gread@gobject=\count118
))
(/usr/local/texlive/2017/texmf-dist/tex/latex/url/url.sty
\Urlmuskip=\muskip11
Package: url 2013/09/16  ver 3.4  Verb mode for urls, etc.
)
(/usr/local/texlive/2017/texmf-dist/tex/latex/graphics/graphicx.sty
Package: graphicx 2014/10/28 v1.0g Enhanced LaTeX Graphics (DPC,SPQR)

(/usr/local/texlive/2017/texmf-dist/tex/latex/graphics/graphics.sty
Package: graphics 2017/04/14 v1.1b Standard LaTeX Graphics (DPC,SPQR)

(/usr/local/texlive/2017/texmf-dist/tex/latex/graphics/trig.sty
Package: trig 2016/01/03 v1.10 sin cos tan (DPC)
)
(/usr/local/texlive/2017/texmf-dist/tex/latex/graphics-cfg/graphics.cfg
File: graphics.cfg 2016/06/04 v1.11 sample graphics configuration
)
Package graphics Info: Driver file: pdftex.def on input line 99.
)
\Gin@req@height=\dimen144
\Gin@req@width=\dimen145
)
\@indexfile=\write3
\openout3 = `chapter3.idx'.


Writing index file chapter3.idx
\c@com=\count119
\@tocboxa=\box33
\@tocboxb=\box34
) (/usr/local/texlive/2017/texmf-dist/tex/latex/acronym/acronym.sty
Package: acronym 2015/03/21 v1.41 Support for acronyms (Tobias Oetiker)

(/usr/local/texlive/2017/texmf-dist/tex/latex/bigfoot/suffix.sty
Package: suffix 2006/07/15 1.5a Variant command support
)
(/usr/local/texlive/2017/texmf-dist/tex/generic/xstring/xstring.sty
(/usr/local/texlive/2017/texmf-dist/tex/generic/xstring/xstring.tex
\@xs@message=\write4
\integerpart=\count120
\decimalpart=\count121
)
Package: xstring 2013/10/13  v1.7c  String manipulations (C Tellechea)
)
\AC@clearlist=\toks27
)
(/usr/local/texlive/2017/texmf-dist/tex/latex/todo/todo.sty
Package: todo 2010/03/31 v2.4142 To-do list (Federico Garcia)
\@todotoks=\toks28
\c@todo=\count122
)
(/usr/local/texlive/2017/texmf-dist/tex/latex/tabu/tabu.sty
Package: tabu 2011/02/26 v2.8 - flexible LaTeX tabulars (FC)

(/usr/local/texlive/2017/texmf-dist/tex/latex/tools/array.sty
Package: array 2016/10/06 v2.4d Tabular extension package (FMi)
\col@sep=\dimen146
\extrarowheight=\dimen147
\NC@list=\toks29
\extratabsurround=\skip48
\backup@length=\skip49
)
(/usr/local/texlive/2017/texmf-dist/tex/latex/varwidth/varwidth.sty
Package: varwidth 2009/03/30 ver 0.92;  Variable-width minipages
\@vwid@box=\box35
\sift@deathcycles=\count123
\@vwid@loff=\dimen148
\@vwid@roff=\dimen149
)
\c@taburow=\count124
\tabu@nbcols=\count125
\tabu@cnt=\count126
\tabu@Xcol=\count127
\tabu@alloc=\count128
\tabu@nested=\count129
\tabu@target=\dimen150
\tabu@spreadtarget=\dimen151
\tabu@naturalX=\dimen152
\tabucolX=\dimen153
\tabu@Xsum=\dimen154
\extrarowdepth=\dimen155
\abovetabulinesep=\dimen156
\belowtabulinesep=\dimen157
\tabustrutrule=\dimen158
\tabu@thebody=\toks30
\tabu@footnotes=\toks31
\tabu@box=\box36
\tabu@arstrutbox=\box37
\tabu@hleads=\box38
\tabu@vleads=\box39
\tabu@cellskip=\skip50
)
(/usr/local/texlive/2017/texmf-dist/tex/latex/makecell/makecell.sty
Package: makecell 2009/08/03 V0.1e Managing of Tab Column Heads and Cells
\rotheadsize=\dimen159
\c@nlinenum=\count130
\TeXr@lab=\toks32
)
(../Preamble/myFigures.tex) (../Preamble/myTables.tex)
(/usr/local/texlive/2017/texmf-dist/tex/latex/oberdiek/epstopdf.sty
Package: epstopdf 2016/05/15 v2.6 Conversion with epstopdf on the fly (HO)

(/usr/local/texlive/2017/texmf-dist/tex/latex/oberdiek/epstopdf-base.sty
Package: epstopdf-base 2016/05/15 v2.6 Base part for package epstopdf

(/usr/local/texlive/2017/texmf-dist/tex/latex/oberdiek/grfext.sty
Package: grfext 2016/05/16 v1.2 Manage graphics extensions (HO)

(/usr/local/texlive/2017/texmf-dist/tex/generic/oberdiek/kvdefinekeys.sty
Package: kvdefinekeys 2016/05/16 v1.4 Define keys (HO)
))
(/usr/local/texlive/2017/texmf-dist/tex/latex/oberdiek/kvoptions.sty
Package: kvoptions 2016/05/16 v3.12 Key value format for package options (HO)

(/usr/local/texlive/2017/texmf-dist/tex/generic/oberdiek/kvsetkeys.sty
Package: kvsetkeys 2016/05/16 v1.17 Key value parser (HO)

(/usr/local/texlive/2017/texmf-dist/tex/generic/oberdiek/etexcmds.sty
Package: etexcmds 2016/05/16 v1.6 Avoid name clashes with e-TeX commands (HO)

(/usr/local/texlive/2017/texmf-dist/tex/generic/oberdiek/ifluatex.sty
Package: ifluatex 2016/05/16 v1.4 Provides the ifluatex switch (HO)
Package ifluatex Info: LuaTeX not detected.
)
Package etexcmds Info: Could not find \expanded.
(etexcmds)             That can mean that you are not using pdfTeX 1.50 or
(etexcmds)             that some package has redefined \expanded.
(etexcmds)             In the latter case, load this package earlier.
)))
(/usr/local/texlive/2017/texmf-dist/tex/generic/oberdiek/pdftexcmds.sty
Package: pdftexcmds 2017/03/19 v0.25 Utility functions of pdfTeX for LuaTeX (HO
)
Package pdftexcmds Info: LuaTeX not detected.
Package pdftexcmds Info: \pdf@primitive is available.
Package pdftexcmds Info: \pdf@ifprimitive is available.
Package pdftexcmds Info: \pdfdraftmode found.
)
Package epstopdf-base Info: Redefining graphics rule for `.eps' on input line 4
38.
Package grfext Info: Graphics extension search list:
(grfext)             [.jpg,.pdf,.png,.eps]
(grfext)             \AppendGraphicsExtensions on input line 456.

(/usr/local/texlive/2017/texmf-dist/tex/latex/latexconfig/epstopdf-sys.cfg
File: epstopdf-sys.cfg 2010/07/13 v1.3 Configuration of (r)epstopdf for TeX Liv
e
)))
(/usr/local/texlive/2017/texmf-dist/tex/latex/caption/subcaption.sty
Package: subcaption 2016/05/22 v1.1-161 Sub-captions (AR)
\c@subfigure=\count131
\c@subtable=\count132
)
(./chapter3.aux)
\openout1 = `chapter3.aux'.

LaTeX Font Info:    Checking defaults for OML/cmm/m/it on input line 16.
LaTeX Font Info:    ... okay on input line 16.
LaTeX Font Info:    Checking defaults for T1/cmr/m/n on input line 16.
LaTeX Font Info:    ... okay on input line 16.
LaTeX Font Info:    Checking defaults for OT1/cmr/m/n on input line 16.
LaTeX Font Info:    ... okay on input line 16.
LaTeX Font Info:    Checking defaults for OMS/cmsy/m/n on input line 16.
LaTeX Font Info:    ... okay on input line 16.
LaTeX Font Info:    Checking defaults for OMX/cmex/m/n on input line 16.
LaTeX Font Info:    ... okay on input line 16.
LaTeX Font Info:    Checking defaults for U/cmr/m/n on input line 16.
LaTeX Font Info:    ... okay on input line 16.
Package caption Info: Begin \AtBeginDocument code.
Package caption Info: Incompatible package detected (regarding \@caption).
(caption)             \@caption = \long macro:#1[#2]#3->\par \addcontentsline {
\csname ext@#1\endcsname }{#1}{\protect \numberline {\csname the#1\endcsname .}
{\ignorespaces #2}}\begingroup \@parboxrestore \normalsize \@makecaption {{\csn
ame fnum@#1\endcsname }}{{\ignorespaces #3}} \endgroup .


Package caption Warning: Forced redefinition of \caption since the
(caption)                unsupported(!) package option `compatibility=false'
(caption)                was given.
See the caption package documentation for explanation.

Package caption Info: float package is loaded.
Package caption Info: listings package is loaded.
Package caption Info: threeparttable package is loaded.
Package caption Info: End \AtBeginDocument code.
*geometry* driver: auto-detecting
*geometry* detected driver: pdftex
*geometry* verbose mode - [ preamble ] result:
* driver: pdftex
* paper: letterpaper
* layout: <same size as paper>
* layoutoffset:(h,v)=(0.0pt,0.0pt)
* modes: 
* h-part:(L,W,R)=(90.3375pt, 433.62001pt, 90.3375pt)
* v-part:(T,H,B)=(72.26999pt, 632.3625pt, 90.3375pt)
* \paperwidth=614.295pt
* \paperheight=794.96999pt
* \textwidth=433.62001pt
* \textheight=632.3625pt
* \oddsidemargin=18.0675pt
* \evensidemargin=18.0675pt
* \topmargin=-31.8738pt
* \headheight=12.0pt
* \headsep=19.8738pt
* \topskip=12.0pt
* \footskip=30.0pt
* \marginparwidth=47.0pt
* \marginparsep=7.0pt
* \columnsep=10.0pt
* \skip\footins=10.8pt plus 4.0pt minus 2.0pt
* \hoffset=0.0pt
* \voffset=0.0pt
* \mag=1000
* \@twocolumnfalse
* \@twosidefalse
* \@mparswitchfalse
* \@reversemarginfalse
* (1in=72.27pt=25.4mm, 1cm=28.453pt)

\c@lstlisting=\count133
(/usr/local/texlive/2017/texmf-dist/tex/context/base/mkii/supp-pdf.mkii
[Loading MPS to PDF converter (version 2006.09.02).]
\scratchcounter=\count134
\scratchdimen=\dimen160
\scratchbox=\box40
\nofMPsegments=\count135
\nofMParguments=\count136
\everyMPshowfont=\toks33
\MPscratchCnt=\count137
\MPscratchDim=\dimen161
\MPnumerator=\count138
\makeMPintoPDFobject=\count139
\everyMPtoPDFconversion=\toks34
)
Chapter I.
LaTeX Font Info:    Try loading font information for U+msa on input line 57.
(/usr/local/texlive/2017/texmf-dist/tex/latex/amsfonts/umsa.fd
File: umsa.fd 2013/01/14 v3.01 AMS symbols A
)
LaTeX Font Info:    Try loading font information for U+msb on input line 57.

(/usr/local/texlive/2017/texmf-dist/tex/latex/amsfonts/umsb.fd
File: umsb.fd 2013/01/14 v3.01 AMS symbols B
)
Package acronym Info: Label `acro:IoT' newly defined as it shall be overridden
although it is yet undefined on input line 61.
Package acronym Info: Label `acro:SHAA' newly defined as it shall be overridden

although it is yet undefined on input line 61.
Package acronym Info: Label `acro:CITIoT' newly defined as it shall be overridd
en
although it is yet undefined on input line 61.
Package acronym Info: Label `acro:MIoTL' newly defined as it shall be overridde
n
although it is yet undefined on input line 61.
Package acronym Info: Label `acro:BLE' newly defined as it shall be overridden
although it is yet undefined on input line 61.
Package acronym Info: Label `acro:COTS' newly defined as it shall be overridden

although it is yet undefined on input line 61.

<../../Figures/systemDiagram.png, id=1, 735.74875pt x 408.52625pt>
File: ../../Figures/systemDiagram.png Graphic file (type png)

<use ../../Figures/systemDiagram.png>
Package pdftex.def Info: ../../Figures/systemDiagram.png used on input line 67.

(pdftex.def)             Requested size: 289.07999pt x 160.51521pt.
 [1



{/usr/local/texlive/2017/texmf-var/fonts/map/pdftex/updmap/pdftex.map}]
Package acronym Info: Label `acro:API' newly defined as it shall be overridden
although it is yet undefined on input line 71.

<../../Figures/shaaDiagram.png, id=11, 914.41624pt x 530.98375pt>
File: ../../Figures/shaaDiagram.png Graphic file (type png)

<use ../../Figures/shaaDiagram.png>
Package pdftex.def Info: ../../Figures/shaaDiagram.png used on input line 73.
(pdftex.def)             Requested size: 433.62001pt x 251.79048pt.


LaTeX Warning: `!h' float specifier changed to `!ht'.

[2 <../../Figures/systemDiagram.png>]

LaTeX Warning: Reference `tbl:BtleDevices' on page 3 undefined on input line 81
.

[3 <../../Figures/shaaDiagram.png>]
Package acronym Info: Label `acro:AP' newly defined as it shall be overridden
although it is yet undefined on input line 85.

<../../Figures/accessPoint.png, id=21, 429.605pt x 590.205pt>
File: ../../Figures/accessPoint.png Graphic file (type png)

<use ../../Figures/accessPoint.png>
Package pdftex.def Info: ../../Figures/accessPoint.png used on input line 87.
(pdftex.def)             Requested size: 180.67499pt x 248.21762pt.
 [4 <../../Figures/accessPoint.png>]
Package acronym Info: Label `acro:MAC' newly defined as it shall be overridden
although it is yet undefined on input line 93.

Overfull \hbox (23.5661pt too wide) in paragraph at lines 97--97
[]\OT1/cmr/bx/n/12 Classification, Iden-ti-fi-ca-tion, and Track-ing of In-ter-
net of Things ([])[] 
 []

[5] <../../Figures/citiotDiagram.png, id=30, 928.46875pt x 495.8525pt>
File: ../../Figures/citiotDiagram.png Graphic file (type png)

<use ../../Figures/citiotDiagram.png>
Package pdftex.def Info: ../../Figures/citiotDiagram.png used on input line 100
.
(pdftex.def)             Requested size: 433.62001pt x 231.58289pt.


LaTeX Warning: `!h' float specifier changed to `!ht'.

Package acronym Info: Label `acro:USB' newly defined as it shall be overridden
although it is yet undefined on input line 103.
[6] [7 <../../Figures/citiotDiagram.png>]
Package acronym Info: Label `acro:SSID' newly defined as it shall be overridden

although it is yet undefined on input line 112.

<../../Figures/reconScan.png, id=39, 1088.065pt x 464.73625pt>
File: ../../Figures/reconScan.png Graphic file (type png)

<use ../../Figures/reconScan.png>
Package pdftex.def Info: ../../Figures/reconScan.png used on input line 114.
(pdftex.def)             Requested size: 433.62001pt x 185.21043pt.
Package acronym Info: Label `acro:OUI' newly defined as it shall be overridden
although it is yet undefined on input line 116.
 [8 <../../Figures/reconScan.png>]
<../../Figures/scanDevices.png, id=44, 926.46124pt x 462.72874pt>
File: ../../Figures/scanDevices.png Graphic file (type png)

<use ../../Figures/scanDevices.png>
Package pdftex.def Info: ../../Figures/scanDevices.png used on input line 118.
(pdftex.def)             Requested size: 433.62001pt x 216.57877pt.

<../../Figures/ouiLookup.png, id=45, 416.55624pt x 284.06125pt>
File: ../../Figures/ouiLookup.png Graphic file (type png)

<use ../../Figures/ouiLookup.png>
Package pdftex.def Info: ../../Figures/ouiLookup.png used on input line 119.
(pdftex.def)             Requested size: 216.81pt x 147.85138pt.
 [9 <../../Figures/scanDevices.png> <../../Figures/ouiLookup.png>]
<../../Figures/bleDeviceScan.png, id=51, 497.86pt x 538.01pt>
File: ../../Figures/bleDeviceScan.png Graphic file (type png)

<use ../../Figures/bleDeviceScan.png>
Package pdftex.def Info: ../../Figures/bleDeviceScan.png used on input line 123
.
(pdftex.def)             Requested size: 252.94499pt x 273.34709pt.

<../../Figures/monitorMode.png, id=52, 830.10126pt x 579.16376pt>
File: ../../Figures/monitorMode.png Graphic file (type png)

<use ../../Figures/monitorMode.png>
Package pdftex.def Info: ../../Figures/monitorMode.png used on input line 128.
(pdftex.def)             Requested size: 433.62001pt x 302.53667pt.
 [10 <../../Figures/bleDeviceScan.png>]
<../../Figures/wifiCaptCmd.png, id=57, 1098.1025pt x 54.2025pt>
File: ../../Figures/wifiCaptCmd.png Graphic file (type png)

<use ../../Figures/wifiCaptCmd.png>
Package pdftex.def Info: ../../Figures/wifiCaptCmd.png used on input line 132.
(pdftex.def)             Requested size: 432.32988pt x 21.33955pt.
 [11 <../../Figures/monitorMode.png> <../../Figures/wifiCaptCmd.png>]
<../../Figures/bleCaptCmd.png, id=63, 647.41875pt x 47.17625pt>
File: ../../Figures/bleCaptCmd.png Graphic file (type png)

<use ../../Figures/bleCaptCmd.png>
Package pdftex.def Info: ../../Figures/bleCaptCmd.png used on input line 136.
(pdftex.def)             Requested size: 292.8472pt x 21.33955pt.
Package acronym Info: Label `acro:CSV' newly defined as it shall be overridden
although it is yet undefined on input line 139.
 [12 <../../Figures/bleCaptCmd.png>]
<../../Figures/corruptTimePacket.png, id=68, 691.58376pt x 297.11pt>
File: ../../Figures/corruptTimePacket.png Graphic file (type png)

<use ../../Figures/corruptTimePacket.png>
Package pdftex.def Info: ../../Figures/corruptTimePacket.png used on input line
 146.
(pdftex.def)             Requested size: 433.62001pt x 186.29172pt.

<../../Figures/wrongFrameNumber.png, id=69, 582.175pt x 93.34875pt>
File: ../../Figures/wrongFrameNumber.png Graphic file (type png)

<use ../../Figures/wrongFrameNumber.png>
Package pdftex.def Info: ../../Figures/wrongFrameNumber.png used on input line 
147.
(pdftex.def)             Requested size: 433.62001pt x 69.52994pt.
 [13] [14 <../../Figures/corruptTimePacket.png> <../../Figures/wrongFrameNumber
.png>]
<../../Figures/trngToMotion.png, id=79, 462.528pt x 346.896pt>
File: ../../Figures/trngToMotion.png Graphic file (type png)

<use ../../Figures/trngToMotion.png>
Package pdftex.def Info: ../../Figures/trngToMotion.png used on input line 155.

(pdftex.def)             Requested size: 210.30597pt x 157.73206pt.

<../../Figures/trngToNetcam.png, id=80, 462.528pt x 346.896pt>
File: ../../Figures/trngToNetcam.png Graphic file (type png)

<use ../../Figures/trngToNetcam.png>
Package pdftex.def Info: ../../Figures/trngToNetcam.png used on input line 155.

(pdftex.def)             Requested size: 210.30597pt x 157.73206pt.

<../../Figures/trngToSwitch1.png, id=81, 462.528pt x 346.896pt>
File: ../../Figures/trngToSwitch1.png Graphic file (type png)

<use ../../Figures/trngToSwitch1.png>
Package pdftex.def Info: ../../Figures/trngToSwitch1.png used on input line 155
.
(pdftex.def)             Requested size: 210.30597pt x 157.73206pt.

<../../Figures/trngToSwitch2.png, id=82, 462.528pt x 346.896pt>
File: ../../Figures/trngToSwitch2.png Graphic file (type png)

<use ../../Figures/trngToSwitch2.png>
Package pdftex.def Info: ../../Figures/trngToSwitch2.png used on input line 155
.
(pdftex.def)             Requested size: 210.30597pt x 157.73206pt.

<../../Figures/trngToSwitch3.png, id=83, 462.528pt x 346.896pt>
File: ../../Figures/trngToSwitch3.png Graphic file (type png)

<use ../../Figures/trngToSwitch3.png>
Package pdftex.def Info: ../../Figures/trngToSwitch3.png used on input line 155
.
(pdftex.def)             Requested size: 210.30597pt x 157.73206pt.

<../../Figures/trngToSwitch4.png, id=84, 462.528pt x 346.896pt>
File: ../../Figures/trngToSwitch4.png Graphic file (type png)

<use ../../Figures/trngToSwitch4.png>
Package pdftex.def Info: ../../Figures/trngToSwitch4.png used on input line 155
.
(pdftex.def)             Requested size: 210.30597pt x 157.73206pt.

<../../Figures/trngToMini.png, id=85, 462.528pt x 346.896pt>
File: ../../Figures/trngToMini.png Graphic file (type png)

<use ../../Figures/trngToMini.png>
Package pdftex.def Info: ../../Figures/trngToMini.png used on input line 155.
(pdftex.def)             Requested size: 210.30597pt x 157.73206pt.

<../../Figures/trngToInsight.png, id=86, 462.528pt x 346.896pt>
File: ../../Figures/trngToInsight.png Graphic file (type png)

<use ../../Figures/trngToInsight.png>
Package pdftex.def Info: ../../Figures/trngToInsight.png used on input line 155
.
(pdftex.def)             Requested size: 210.30597pt x 157.73206pt.

<../../Figures/trngFromMotion.png, id=87, 462.528pt x 346.896pt>
File: ../../Figures/trngFromMotion.png Graphic file (type png)

<use ../../Figures/trngFromMotion.png>
Package pdftex.def Info: ../../Figures/trngFromMotion.png used on input line 15
6.
(pdftex.def)             Requested size: 210.30597pt x 157.73206pt.

<../../Figures/trngFromNetcam.png, id=88, 462.528pt x 346.896pt>
File: ../../Figures/trngFromNetcam.png Graphic file (type png)

<use ../../Figures/trngFromNetcam.png>
Package pdftex.def Info: ../../Figures/trngFromNetcam.png used on input line 15
6.
(pdftex.def)             Requested size: 210.30597pt x 157.73206pt.

<../../Figures/trngFromSwitch1.png, id=89, 462.528pt x 346.896pt>
File: ../../Figures/trngFromSwitch1.png Graphic file (type png)

<use ../../Figures/trngFromSwitch1.png>
Package pdftex.def Info: ../../Figures/trngFromSwitch1.png used on input line 1
56.
(pdftex.def)             Requested size: 210.30597pt x 157.73206pt.

<../../Figures/trngFromSwitch2.png, id=90, 462.528pt x 346.896pt>
File: ../../Figures/trngFromSwitch2.png Graphic file (type png)

<use ../../Figures/trngFromSwitch2.png>
Package pdftex.def Info: ../../Figures/trngFromSwitch2.png used on input line 1
56.
(pdftex.def)             Requested size: 210.30597pt x 157.73206pt.

<../../Figures/trngFromSwitch3.png, id=91, 462.528pt x 346.896pt>
File: ../../Figures/trngFromSwitch3.png Graphic file (type png)

<use ../../Figures/trngFromSwitch3.png>
Package pdftex.def Info: ../../Figures/trngFromSwitch3.png used on input line 1
56.
(pdftex.def)             Requested size: 210.30597pt x 157.73206pt.

<../../Figures/trngFromSwitch4.png, id=92, 462.528pt x 346.896pt>
File: ../../Figures/trngFromSwitch4.png Graphic file (type png)

<use ../../Figures/trngFromSwitch4.png>
Package pdftex.def Info: ../../Figures/trngFromSwitch4.png used on input line 1
56.
(pdftex.def)             Requested size: 210.30597pt x 157.73206pt.

<../../Figures/trngFromMini.png, id=93, 462.528pt x 346.896pt>
File: ../../Figures/trngFromMini.png Graphic file (type png)

<use ../../Figures/trngFromMini.png>
Package pdftex.def Info: ../../Figures/trngFromMini.png used on input line 156.

(pdftex.def)             Requested size: 210.30597pt x 157.73206pt.

<../../Figures/trngFromInsight.png, id=94, 462.528pt x 346.896pt>
File: ../../Figures/trngFromInsight.png Graphic file (type png)

<use ../../Figures/trngFromInsight.png>
Package pdftex.def Info: ../../Figures/trngFromInsight.png used on input line 1
56.
(pdftex.def)             Requested size: 210.30597pt x 157.73206pt.
 [15]
Overfull \vbox (101.96568pt too high) has occurred while \output is active []


[16 <../../Figures/trngToMotion.png> <../../Figures/trngToNetcam.png> <../../Fi
gures/trngToSwitch1.png> <../../Figures/trngToSwitch2.png> <../../Figures/trngT
oSwitch3.png> <../../Figures/trngToSwitch4.png> <../../Figures/trngToMini.png> 
<../../Figures/trngToInsight.png>]
Overfull \vbox (101.96568pt too high) has occurred while \output is active []


[17 <../../Figures/trngFromMotion.png> <../../Figures/trngFromNetcam.png> <../.
./Figures/trngFromSwitch1.png> <../../Figures/trngFromSwitch2.png> <../../Figur
es/trngFromSwitch3.png> <../../Figures/trngFromSwitch4.png> <../../Figures/trng
FromMini.png> <../../Figures/trngFromInsight.png>]
<../../Figures/classificationToNetcam.png, id=120, 743.77875pt x 516.93124pt>
File: ../../Figures/classificationToNetcam.png Graphic file (type png)

<use ../../Figures/classificationToNetcam.png>
Package pdftex.def Info: ../../Figures/classificationToNetcam.png used on input
 line 160.
(pdftex.def)             Requested size: 361.34999pt x 251.14517pt.

<../../Figures/classificationToMotion.png, id=121, 754.82pt x 536.0025pt>
File: ../../Figures/classificationToMotion.png Graphic file (type png)

<use ../../Figures/classificationToMotion.png>
Package pdftex.def Info: ../../Figures/classificationToMotion.png used on input
 line 161.
(pdftex.def)             Requested size: 361.34999pt x 256.59126pt.

<../../Figures/classificationToSwitch.png, id=122, 732.7375pt x 515.9275pt>
File: ../../Figures/classificationToSwitch.png Graphic file (type png)

<use ../../Figures/classificationToSwitch.png>
Package pdftex.def Info: ../../Figures/classificationToSwitch.png used on input
 line 162.
(pdftex.def)             Requested size: 361.34999pt x 254.4284pt.
 [18 <../../Figures/classificationToNetcam.png>]
<../../Figures/deviceClassification.png, id=127, 590.205pt x 279.0425pt>
File: ../../Figures/deviceClassification.png Graphic file (type png)

<use ../../Figures/deviceClassification.png>
Package pdftex.def Info: ../../Figures/deviceClassification.png used on input l
ine 163.
(pdftex.def)             Requested size: 305.7286pt x 144.54pt.
 [19 <../../Figures/classificationToMotion.png> <../../Figures/classificationTo
Switch.png>]
<../../Figures/identificationToMini.png, id=134, 608.2725pt x 430.60875pt>
File: ../../Figures/identificationToMini.png Graphic file (type png)

<use ../../Figures/identificationToMini.png>
Package pdftex.def Info: ../../Figures/identificationToMini.png used on input l
ine 167.
(pdftex.def)             Requested size: 361.34999pt x 255.81128pt.
 [20 <../../Figures/deviceClassification.png>]
<../../Figures/identificationFromNetcam.png, id=139, 726.715pt x 504.88625pt>
File: ../../Figures/identificationFromNetcam.png Graphic file (type png)

<use ../../Figures/identificationFromNetcam.png>
Package pdftex.def Info: ../../Figures/identificationFromNetcam.png used on inp
ut line 168.
(pdftex.def)             Requested size: 361.34999pt x 251.05579pt.

<../../Figures/identificationFromNetcamCum.png, id=140, 616.3025pt x 428.60126p
t>
File: ../../Figures/identificationFromNetcamCum.png Graphic file (type png)
 <use ../../Figures/identificationFromNetcamCum.png>
Package pdftex.def Info: ../../Figures/identificationFromNetcamCum.png used on 
input line 169.
(pdftex.def)             Requested size: 361.34999pt x 251.30296pt.

<../../Figures/identificationFromMotion.png, id=141, 588.1975pt x 430.60875pt>
File: ../../Figures/identificationFromMotion.png Graphic file (type png)

<use ../../Figures/identificationFromMotion.png>
Package pdftex.def Info: ../../Figures/identificationFromMotion.png used on inp
ut line 170.
(pdftex.def)             Requested size: 361.34999pt x 264.53697pt.
 [21 <../../Figures/identificationToMini.png> <../../Figures/identificationFrom
Netcam.png>]
<../../Figures/identificationFromMotionCum.png, id=147, 601.24625pt x 419.5675p
t>
File: ../../Figures/identificationFromMotionCum.png Graphic file (type png)
 <use ../../Figures/identificationFromMotionCum.png>
Package pdftex.def Info: ../../Figures/identificationFromMotionCum.png used on 
input line 171.
(pdftex.def)             Requested size: 361.34999pt x 252.17137pt.

<../../Figures/eventIdentification.png, id=148, 664.4825pt x 269.005pt>
File: ../../Figures/eventIdentification.png Graphic file (type png)

<use ../../Figures/eventIdentification.png>
Package pdftex.def Info: ../../Figures/eventIdentification.png used on input li
ne 172.
(pdftex.def)             Requested size: 357.04085pt x 144.54pt.
 [22 <../../Figures/identificationFromNetcamCum.png> <../../Figures/identificat
ionFromMotion.png>]
Package acronym Info: Label `acro:HTTP' newly defined as it shall be overridden

although it is yet undefined on input line 174.
Package acronym Info: Label `acro:IP' newly defined as it shall be overridden
although it is yet undefined on input line 174.


Package acronym Warning: Acronym `IP' is not defined on input line 174.


Package acronym Warning: Acronym `IP' is not defined on input line 174.

Package acronym Info: Label `acro:TCP' newly defined as it shall be overridden
although it is yet undefined on input line 174.

Package acronym Warning: Acronym `TCP' is not defined on input line 174.


Package acronym Warning: Acronym `TCP' is not defined on input line 174.

[23 <../../Figures/identificationFromMotionCum.png> <../../Figures/eventIdentif
ication.png>]
<../../Figures/subscribePacket.png, id=160, 857.2025pt x 322.20375pt>
File: ../../Figures/subscribePacket.png Graphic file (type png)

<use ../../Figures/subscribePacket.png>
Package pdftex.def Info: ../../Figures/subscribePacket.png used on input line 1
76.
(pdftex.def)             Requested size: 433.62001pt x 162.98938pt.
LaTeX Font Info:    Font shape `OT1/cmtt/bx/n' in size <10> not available
(Font)              Font shape `OT1/cmtt/m/n' tried instead on input line 176.

<../../Figures/postPacket.png, id=161, 335.2525pt x 482.80376pt>
File: ../../Figures/postPacket.png Graphic file (type png)

<use ../../Figures/postPacket.png>
Package pdftex.def Info: ../../Figures/postPacket.png used on input line 177.
(pdftex.def)             Requested size: 422.78215pt x 608.85901pt.
 [24 <../../Figures/subscribePacket.png>]
Overfull \vbox (9.04274pt too high) has occurred while \output is active []


[25 <../../Figures/postPacket.png>] [26]
<../../Figures/networkMap.png, id=175, 460.6008pt x 452.892pt>
File: ../../Figures/networkMap.png Graphic file (type png)

<use ../../Figures/networkMap.png>
Package pdftex.def Info: ../../Figures/networkMap.png used on input line 192.
(pdftex.def)             Requested size: 361.34999pt x 355.30676pt.
 [27]
<../../Figures/miotlDiagram.png, id=179, 395.4775pt x 366.36874pt>
File: ../../Figures/miotlDiagram.png Graphic file (type png)

<use ../../Figures/miotlDiagram.png>
Package pdftex.def Info: ../../Figures/miotlDiagram.png used on input line 199.

(pdftex.def)             Requested size: 216.81pt x 200.85495pt.
 [28 <../../Figures/networkMap.png>]
[29 <../../Figures/miotlDiagram.png>]
Package acronym Info: Label `acro:ARP' newly defined as it shall be overridden
although it is yet undefined on input line 205.
 [30] [31] [32

] (./chapter3.bbl) [33


]
(./chapter3.aux)

LaTeX Warning: There were undefined references.

 ) 
Here is how much of TeX's memory you used:
 7831 strings out of 492995
 117957 string characters out of 6132704
 221501 words of memory out of 5000000
 11181 multiletter control sequences out of 15000+600000
 13443 words of font info for 53 fonts, out of 8000000 for 9000
 1141 hyphenation exceptions out of 8191
 43i,17n,40p,1892b,485s stack positions out of 5000i,500n,10000p,200000b,80000s
</usr/local/texlive/2017/texmf-dist/fonts/type1/public/amsfonts/cm/cmbx10.pfb
></usr/local/texlive/2017/texmf-dist/fonts/type1/public/amsfonts/cm/cmbx12.pfb>
</usr/local/texlive/2017/texmf-dist/fonts/type1/public/amsfonts/cm/cmr12.pfb></
usr/local/texlive/2017/texmf-dist/fonts/type1/public/amsfonts/cm/cmr8.pfb></usr
/local/texlive/2017/texmf-dist/fonts/type1/public/amsfonts/cm/cmsy10.pfb></usr/
local/texlive/2017/texmf-dist/fonts/type1/public/amsfonts/cm/cmti12.pfb></usr/l
ocal/texlive/2017/texmf-dist/fonts/type1/public/amsfonts/cm/cmtt10.pfb></usr/lo
cal/texlive/2017/texmf-dist/fonts/type1/public/amsfonts/cm/cmtt12.pfb></usr/loc
al/texlive/2017/texmf-dist/fonts/type1/public/amsfonts/symbols/msam10.pfb>
Output written on chapter3.pdf (33 pages, 2992267 bytes).
PDF statistics:
 234 PDF objects out of 1000 (max. 8388607)
 102 compressed objects within 2 object streams
 0 named destinations out of 1000 (max. 500000)
 216 words of extra memory for PDF output out of 10000 (max. 10000000)

